CRITICAL - 2022-09-16 09:03:22 --> Invalid file: templates/header.php
#0 D:\XAMPP\htdocs\System\system\View\View.php(198): CodeIgniter\Exceptions\FrameworkException::forInvalidFile('templates/heade...')
#1 D:\XAMPP\htdocs\System\system\Common.php(1089): CodeIgniter\View\View->render('templates/heade...', Array, true)
#2 D:\XAMPP\htdocs\System\app\Controllers\Users.php(11): view('templates/heade...', Array)
#3 D:\XAMPP\htdocs\System\system\CodeIgniter.php(832): App\Controllers\Users->index()
#4 D:\XAMPP\htdocs\System\system\CodeIgniter.php(419): CodeIgniter\CodeIgniter->runController(Object(App\Controllers\Users))
#5 D:\XAMPP\htdocs\System\system\CodeIgniter.php(326): CodeIgniter\CodeIgniter->handleRequest(NULL, Object(Config\Cache), false)
#6 D:\XAMPP\htdocs\System\public\index.php(37): CodeIgniter\CodeIgniter->run()
#7 {main}
CRITICAL - 2022-09-16 09:04:46 --> Invalid file: templates/header.php
#0 D:\XAMPP\htdocs\System\system\View\View.php(198): CodeIgniter\Exceptions\FrameworkException::forInvalidFile('templates/heade...')
#1 D:\XAMPP\htdocs\System\system\Common.php(1089): CodeIgniter\View\View->render('templates/heade...', Array, true)
#2 D:\XAMPP\htdocs\System\app\Controllers\Users.php(11): view('templates/heade...', Array)
#3 D:\XAMPP\htdocs\System\system\CodeIgniter.php(832): App\Controllers\Users->index()
#4 D:\XAMPP\htdocs\System\system\CodeIgniter.php(419): CodeIgniter\CodeIgniter->runController(Object(App\Controllers\Users))
#5 D:\XAMPP\htdocs\System\system\CodeIgniter.php(326): CodeIgniter\CodeIgniter->handleRequest(NULL, Object(Config\Cache), false)
#6 D:\XAMPP\htdocs\System\public\index.php(37): CodeIgniter\CodeIgniter->run()
#7 {main}
CRITICAL - 2022-09-16 09:04:58 --> Invalid file: templates/header.php
#0 D:\XAMPP\htdocs\System\system\View\View.php(198): CodeIgniter\Exceptions\FrameworkException::forInvalidFile('templates/heade...')
#1 D:\XAMPP\htdocs\System\system\Common.php(1089): CodeIgniter\View\View->render('templates/heade...', Array, true)
#2 D:\XAMPP\htdocs\System\app\Controllers\Users.php(11): view('templates/heade...', Array)
#3 D:\XAMPP\htdocs\System\system\CodeIgniter.php(832): App\Controllers\Users->index()
#4 D:\XAMPP\htdocs\System\system\CodeIgniter.php(419): CodeIgniter\CodeIgniter->runController(Object(App\Controllers\Users))
#5 D:\XAMPP\htdocs\System\system\CodeIgniter.php(326): CodeIgniter\CodeIgniter->handleRequest(NULL, Object(Config\Cache), false)
#6 D:\XAMPP\htdocs\System\public\index.php(37): CodeIgniter\CodeIgniter->run()
#7 {main}
CRITICAL - 2022-09-16 09:05:44 --> Invalid file: templates/header.php
#0 D:\XAMPP\htdocs\System\system\View\View.php(198): CodeIgniter\Exceptions\FrameworkException::forInvalidFile('templates/heade...')
#1 D:\XAMPP\htdocs\System\system\Common.php(1089): CodeIgniter\View\View->render('templates/heade...', Array, true)
#2 D:\XAMPP\htdocs\System\app\Controllers\Users.php(11): view('templates/heade...', Array)
#3 D:\XAMPP\htdocs\System\system\CodeIgniter.php(832): App\Controllers\Users->index()
#4 D:\XAMPP\htdocs\System\system\CodeIgniter.php(419): CodeIgniter\CodeIgniter->runController(Object(App\Controllers\Users))
#5 D:\XAMPP\htdocs\System\system\CodeIgniter.php(326): CodeIgniter\CodeIgniter->handleRequest(NULL, Object(Config\Cache), false)
#6 D:\XAMPP\htdocs\System\public\index.php(37): CodeIgniter\CodeIgniter->run()
#7 {main}
CRITICAL - 2022-09-16 09:07:30 --> syntax error, unexpected token "}", expecting "," or ";"
#0 D:\XAMPP\htdocs\System\system\Autoloader\Autoloader.php(241): CodeIgniter\Autoloader\Autoloader->includeFile('D:\\XAMPP\\htdocs...')
#1 D:\XAMPP\htdocs\System\system\Autoloader\Autoloader.php(219): CodeIgniter\Autoloader\Autoloader->loadInNamespace('App\\Controllers...')
#2 [internal function]: CodeIgniter\Autoloader\Autoloader->loadClass('App\\Controllers...')
#3 D:\XAMPP\htdocs\System\system\CodeIgniter.php(797): class_exists('\\App\\Controller...', true)
#4 D:\XAMPP\htdocs\System\system\CodeIgniter.php(406): CodeIgniter\CodeIgniter->startController()
#5 D:\XAMPP\htdocs\System\system\CodeIgniter.php(326): CodeIgniter\CodeIgniter->handleRequest(NULL, Object(Config\Cache), false)
#6 D:\XAMPP\htdocs\System\public\index.php(37): CodeIgniter\CodeIgniter->run()
#7 {main}
CRITICAL - 2022-09-16 09:07:31 --> syntax error, unexpected token "}", expecting "," or ";"
#0 D:\XAMPP\htdocs\System\system\Autoloader\Autoloader.php(241): CodeIgniter\Autoloader\Autoloader->includeFile('D:\\XAMPP\\htdocs...')
#1 D:\XAMPP\htdocs\System\system\Autoloader\Autoloader.php(219): CodeIgniter\Autoloader\Autoloader->loadInNamespace('App\\Controllers...')
#2 [internal function]: CodeIgniter\Autoloader\Autoloader->loadClass('App\\Controllers...')
#3 D:\XAMPP\htdocs\System\system\CodeIgniter.php(797): class_exists('\\App\\Controller...', true)
#4 D:\XAMPP\htdocs\System\system\CodeIgniter.php(406): CodeIgniter\CodeIgniter->startController()
#5 D:\XAMPP\htdocs\System\system\CodeIgniter.php(326): CodeIgniter\CodeIgniter->handleRequest(NULL, Object(Config\Cache), false)
#6 D:\XAMPP\htdocs\System\public\index.php(37): CodeIgniter\CodeIgniter->run()
#7 {main}
CRITICAL - 2022-09-16 09:10:47 --> Invalid file: login.php
#0 D:\XAMPP\htdocs\System\system\View\View.php(198): CodeIgniter\Exceptions\FrameworkException::forInvalidFile('login.php')
#1 D:\XAMPP\htdocs\System\system\Common.php(1089): CodeIgniter\View\View->render('login', Array, true)
#2 D:\XAMPP\htdocs\System\app\Controllers\Users.php(12): view('login', Array)
#3 D:\XAMPP\htdocs\System\system\CodeIgniter.php(832): App\Controllers\Users->index()
#4 D:\XAMPP\htdocs\System\system\CodeIgniter.php(419): CodeIgniter\CodeIgniter->runController(Object(App\Controllers\Users))
#5 D:\XAMPP\htdocs\System\system\CodeIgniter.php(326): CodeIgniter\CodeIgniter->handleRequest(NULL, Object(Config\Cache), false)
#6 D:\XAMPP\htdocs\System\public\index.php(37): CodeIgniter\CodeIgniter->run()
#7 {main}
CRITICAL - 2022-09-16 09:12:54 --> Invalid file: login.php
#0 D:\XAMPP\htdocs\System\system\View\View.php(198): CodeIgniter\Exceptions\FrameworkException::forInvalidFile('login.php')
#1 D:\XAMPP\htdocs\System\system\Common.php(1089): CodeIgniter\View\View->render('login', Array, true)
#2 D:\XAMPP\htdocs\System\app\Controllers\Users.php(12): view('login', Array)
#3 D:\XAMPP\htdocs\System\system\CodeIgniter.php(832): App\Controllers\Users->index()
#4 D:\XAMPP\htdocs\System\system\CodeIgniter.php(419): CodeIgniter\CodeIgniter->runController(Object(App\Controllers\Users))
#5 D:\XAMPP\htdocs\System\system\CodeIgniter.php(326): CodeIgniter\CodeIgniter->handleRequest(NULL, Object(Config\Cache), false)
#6 D:\XAMPP\htdocs\System\public\index.php(37): CodeIgniter\CodeIgniter->run()
#7 {main}
CRITICAL - 2022-09-16 09:13:43 --> Invalid file: login.php
#0 D:\XAMPP\htdocs\System\system\View\View.php(198): CodeIgniter\Exceptions\FrameworkException::forInvalidFile('login.php')
#1 D:\XAMPP\htdocs\System\system\Common.php(1089): CodeIgniter\View\View->render('login', Array, true)
#2 D:\XAMPP\htdocs\System\app\Controllers\Users.php(12): view('login', Array)
#3 D:\XAMPP\htdocs\System\system\CodeIgniter.php(832): App\Controllers\Users->index()
#4 D:\XAMPP\htdocs\System\system\CodeIgniter.php(419): CodeIgniter\CodeIgniter->runController(Object(App\Controllers\Users))
#5 D:\XAMPP\htdocs\System\system\CodeIgniter.php(326): CodeIgniter\CodeIgniter->handleRequest(NULL, Object(Config\Cache), false)
#6 D:\XAMPP\htdocs\System\public\index.php(37): CodeIgniter\CodeIgniter->run()
#7 {main}
CRITICAL - 2022-09-16 09:56:27 --> Invalid file: Home.php
#0 D:\XAMPP\htdocs\System\system\View\View.php(198): CodeIgniter\Exceptions\FrameworkException::forInvalidFile('Home.php')
#1 D:\XAMPP\htdocs\System\system\Common.php(1089): CodeIgniter\View\View->render('Home', Array, true)
#2 D:\XAMPP\htdocs\System\app\Controllers\Users.php(12): view('Home')
#3 D:\XAMPP\htdocs\System\system\CodeIgniter.php(832): App\Controllers\Users->index()
#4 D:\XAMPP\htdocs\System\system\CodeIgniter.php(419): CodeIgniter\CodeIgniter->runController(Object(App\Controllers\Users))
#5 D:\XAMPP\htdocs\System\system\CodeIgniter.php(326): CodeIgniter\CodeIgniter->handleRequest(NULL, Object(Config\Cache), false)
#6 D:\XAMPP\htdocs\System\public\index.php(37): CodeIgniter\CodeIgniter->run()
#7 {main}
CRITICAL - 2022-09-16 09:56:28 --> Invalid file: Home.php
#0 D:\XAMPP\htdocs\System\system\View\View.php(198): CodeIgniter\Exceptions\FrameworkException::forInvalidFile('Home.php')
#1 D:\XAMPP\htdocs\System\system\Common.php(1089): CodeIgniter\View\View->render('Home', Array, true)
#2 D:\XAMPP\htdocs\System\app\Controllers\Users.php(12): view('Home')
#3 D:\XAMPP\htdocs\System\system\CodeIgniter.php(832): App\Controllers\Users->index()
#4 D:\XAMPP\htdocs\System\system\CodeIgniter.php(419): CodeIgniter\CodeIgniter->runController(Object(App\Controllers\Users))
#5 D:\XAMPP\htdocs\System\system\CodeIgniter.php(326): CodeIgniter\CodeIgniter->handleRequest(NULL, Object(Config\Cache), false)
#6 D:\XAMPP\htdocs\System\public\index.php(37): CodeIgniter\CodeIgniter->run()
#7 {main}
