CRITICAL - 2023-01-13 10:11:44 --> Undefined variable $branch
#0 D:\XAMPP\htdocs\System\app\Views\user_login.php(35): CodeIgniter\Debug\Exceptions->errorHandler(2, 'Undefined varia...', 'D:\\XAMPP\\htdocs...', 35)
#1 D:\XAMPP\htdocs\System\system\View\View.php(210): include('D:\\XAMPP\\htdocs...')
#2 D:\XAMPP\htdocs\System\system\View\View.php(213): CodeIgniter\View\View->CodeIgniter\View\{closure}()
#3 D:\XAMPP\htdocs\System\system\Common.php(1089): CodeIgniter\View\View->render('user_login', Array, true)
#4 D:\XAMPP\htdocs\System\app\Controllers\User_login.php(13): view('user_login')
#5 D:\XAMPP\htdocs\System\system\CodeIgniter.php(832): App\Controllers\User_login->index()
#6 D:\XAMPP\htdocs\System\system\CodeIgniter.php(419): CodeIgniter\CodeIgniter->runController(Object(App\Controllers\User_login))
#7 D:\XAMPP\htdocs\System\system\CodeIgniter.php(326): CodeIgniter\CodeIgniter->handleRequest(NULL, Object(Config\Cache), false)
#8 D:\XAMPP\htdocs\System\public\index.php(37): CodeIgniter\CodeIgniter->run()
#9 {main}
CRITICAL - 2023-01-13 10:18:08 --> Invalid file: ussser_login.php
#0 D:\XAMPP\htdocs\System\system\View\View.php(198): CodeIgniter\Exceptions\FrameworkException::forInvalidFile('ussser_login.ph...')
#1 D:\XAMPP\htdocs\System\system\Common.php(1089): CodeIgniter\View\View->render('ussser_login', Array, true)
#2 D:\XAMPP\htdocs\System\app\Controllers\User_login.php(13): view('ussser_login')
#3 D:\XAMPP\htdocs\System\system\CodeIgniter.php(832): App\Controllers\User_login->index()
#4 D:\XAMPP\htdocs\System\system\CodeIgniter.php(419): CodeIgniter\CodeIgniter->runController(Object(App\Controllers\User_login))
#5 D:\XAMPP\htdocs\System\system\CodeIgniter.php(326): CodeIgniter\CodeIgniter->handleRequest(NULL, Object(Config\Cache), false)
#6 D:\XAMPP\htdocs\System\public\index.php(37): CodeIgniter\CodeIgniter->run()
#7 {main}
CRITICAL - 2023-01-13 10:23:36 --> php_network_getaddresses: getaddrinfo for host failed: No such host is known. 
#0 D:\XAMPP\htdocs\System\app\Views\user_login.php(5): mysqli_connect('host', 'username', 'passw', 'dbname')
#1 D:\XAMPP\htdocs\System\system\View\View.php(210): include('D:\\XAMPP\\htdocs...')
#2 D:\XAMPP\htdocs\System\system\View\View.php(213): CodeIgniter\View\View->CodeIgniter\View\{closure}()
#3 D:\XAMPP\htdocs\System\system\Common.php(1089): CodeIgniter\View\View->render('user_login', Array, true)
#4 D:\XAMPP\htdocs\System\app\Controllers\User_login.php(13): view('user_login')
#5 D:\XAMPP\htdocs\System\system\CodeIgniter.php(832): App\Controllers\User_login->index()
#6 D:\XAMPP\htdocs\System\system\CodeIgniter.php(419): CodeIgniter\CodeIgniter->runController(Object(App\Controllers\User_login))
#7 D:\XAMPP\htdocs\System\system\CodeIgniter.php(326): CodeIgniter\CodeIgniter->handleRequest(NULL, Object(Config\Cache), false)
#8 D:\XAMPP\htdocs\System\public\index.php(37): CodeIgniter\CodeIgniter->run()
#9 {main}
CRITICAL - 2023-01-13 10:25:39 --> Undefined variable $conn
#0 D:\XAMPP\htdocs\System\app\Views\user_login.php(14): CodeIgniter\Debug\Exceptions->errorHandler(2, 'Undefined varia...', 'D:\\XAMPP\\htdocs...', 14)
#1 D:\XAMPP\htdocs\System\system\View\View.php(210): include('D:\\XAMPP\\htdocs...')
#2 D:\XAMPP\htdocs\System\system\View\View.php(213): CodeIgniter\View\View->CodeIgniter\View\{closure}()
#3 D:\XAMPP\htdocs\System\system\Common.php(1089): CodeIgniter\View\View->render('user_login', Array, true)
#4 D:\XAMPP\htdocs\System\app\Controllers\User_login.php(13): view('user_login')
#5 D:\XAMPP\htdocs\System\system\CodeIgniter.php(832): App\Controllers\User_login->index()
#6 D:\XAMPP\htdocs\System\system\CodeIgniter.php(419): CodeIgniter\CodeIgniter->runController(Object(App\Controllers\User_login))
#7 D:\XAMPP\htdocs\System\system\CodeIgniter.php(326): CodeIgniter\CodeIgniter->handleRequest(NULL, Object(Config\Cache), false)
#8 D:\XAMPP\htdocs\System\public\index.php(37): CodeIgniter\CodeIgniter->run()
#9 {main}
CRITICAL - 2023-01-13 10:25:57 --> Undefined variable $result
#0 D:\XAMPP\htdocs\System\app\Views\user_login.php(15): CodeIgniter\Debug\Exceptions->errorHandler(2, 'Undefined varia...', 'D:\\XAMPP\\htdocs...', 15)
#1 D:\XAMPP\htdocs\System\system\View\View.php(210): include('D:\\XAMPP\\htdocs...')
#2 D:\XAMPP\htdocs\System\system\View\View.php(213): CodeIgniter\View\View->CodeIgniter\View\{closure}()
#3 D:\XAMPP\htdocs\System\system\Common.php(1089): CodeIgniter\View\View->render('user_login', Array, true)
#4 D:\XAMPP\htdocs\System\app\Controllers\User_login.php(13): view('user_login')
#5 D:\XAMPP\htdocs\System\system\CodeIgniter.php(832): App\Controllers\User_login->index()
#6 D:\XAMPP\htdocs\System\system\CodeIgniter.php(419): CodeIgniter\CodeIgniter->runController(Object(App\Controllers\User_login))
#7 D:\XAMPP\htdocs\System\system\CodeIgniter.php(326): CodeIgniter\CodeIgniter->handleRequest(NULL, Object(Config\Cache), false)
#8 D:\XAMPP\htdocs\System\public\index.php(37): CodeIgniter\CodeIgniter->run()
#9 {main}
CRITICAL - 2023-01-13 10:27:21 --> Undefined variable $branch
#0 D:\XAMPP\htdocs\System\app\Views\user_login.php(17): CodeIgniter\Debug\Exceptions->errorHandler(2, 'Undefined varia...', 'D:\\XAMPP\\htdocs...', 17)
#1 D:\XAMPP\htdocs\System\system\View\View.php(210): include('D:\\XAMPP\\htdocs...')
#2 D:\XAMPP\htdocs\System\system\View\View.php(213): CodeIgniter\View\View->CodeIgniter\View\{closure}()
#3 D:\XAMPP\htdocs\System\system\Common.php(1089): CodeIgniter\View\View->render('user_login', Array, true)
#4 D:\XAMPP\htdocs\System\app\Controllers\User_login.php(13): view('user_login')
#5 D:\XAMPP\htdocs\System\system\CodeIgniter.php(832): App\Controllers\User_login->index()
#6 D:\XAMPP\htdocs\System\system\CodeIgniter.php(419): CodeIgniter\CodeIgniter->runController(Object(App\Controllers\User_login))
#7 D:\XAMPP\htdocs\System\system\CodeIgniter.php(326): CodeIgniter\CodeIgniter->handleRequest(NULL, Object(Config\Cache), false)
#8 D:\XAMPP\htdocs\System\public\index.php(37): CodeIgniter\CodeIgniter->run()
#9 {main}
CRITICAL - 2023-01-13 10:27:59 --> Undefined array key "branch"
#0 D:\XAMPP\htdocs\System\app\Views\user_login.php(11): CodeIgniter\Debug\Exceptions->errorHandler(2, 'Undefined array...', 'D:\\XAMPP\\htdocs...', 11)
#1 D:\XAMPP\htdocs\System\system\View\View.php(210): include('D:\\XAMPP\\htdocs...')
#2 D:\XAMPP\htdocs\System\system\View\View.php(213): CodeIgniter\View\View->CodeIgniter\View\{closure}()
#3 D:\XAMPP\htdocs\System\system\Common.php(1089): CodeIgniter\View\View->render('user_login', Array, true)
#4 D:\XAMPP\htdocs\System\app\Controllers\User_login.php(13): view('user_login')
#5 D:\XAMPP\htdocs\System\system\CodeIgniter.php(832): App\Controllers\User_login->index()
#6 D:\XAMPP\htdocs\System\system\CodeIgniter.php(419): CodeIgniter\CodeIgniter->runController(Object(App\Controllers\User_login))
#7 D:\XAMPP\htdocs\System\system\CodeIgniter.php(326): CodeIgniter\CodeIgniter->handleRequest(NULL, Object(Config\Cache), false)
#8 D:\XAMPP\htdocs\System\public\index.php(37): CodeIgniter\CodeIgniter->run()
#9 {main}
