CRITICAL - 2023-03-13 06:10:37 --> Undefined variable $user_name
#0 D:\XAMPP\htdocs\System\app\Views\main.php(46): CodeIgniter\Debug\Exceptions->errorHandler(2, 'Undefined varia...', 'D:\\XAMPP\\htdocs...', 46)
#1 D:\XAMPP\htdocs\System\system\View\View.php(210): include('D:\\XAMPP\\htdocs...')
#2 D:\XAMPP\htdocs\System\system\View\View.php(213): CodeIgniter\View\View->CodeIgniter\View\{closure}()
#3 D:\XAMPP\htdocs\System\system\Common.php(1089): CodeIgniter\View\View->render('main', Array, true)
#4 D:\XAMPP\htdocs\System\app\Controllers\Home.php(13): view('main')
#5 D:\XAMPP\htdocs\System\system\CodeIgniter.php(832): App\Controllers\Home->index()
#6 D:\XAMPP\htdocs\System\system\CodeIgniter.php(419): CodeIgniter\CodeIgniter->runController(Object(App\Controllers\Home))
#7 D:\XAMPP\htdocs\System\system\CodeIgniter.php(326): CodeIgniter\CodeIgniter->handleRequest(NULL, Object(Config\Cache), false)
#8 D:\XAMPP\htdocs\System\public\index.php(37): CodeIgniter\CodeIgniter->run()
#9 {main}
CRITICAL - 2023-03-13 06:11:05 --> Undefined variable $firstname
#0 D:\XAMPP\htdocs\System\app\Views\main.php(46): CodeIgniter\Debug\Exceptions->errorHandler(2, 'Undefined varia...', 'D:\\XAMPP\\htdocs...', 46)
#1 D:\XAMPP\htdocs\System\system\View\View.php(210): include('D:\\XAMPP\\htdocs...')
#2 D:\XAMPP\htdocs\System\system\View\View.php(213): CodeIgniter\View\View->CodeIgniter\View\{closure}()
#3 D:\XAMPP\htdocs\System\system\Common.php(1089): CodeIgniter\View\View->render('main', Array, true)
#4 D:\XAMPP\htdocs\System\app\Controllers\Home.php(13): view('main')
#5 D:\XAMPP\htdocs\System\system\CodeIgniter.php(832): App\Controllers\Home->index()
#6 D:\XAMPP\htdocs\System\system\CodeIgniter.php(419): CodeIgniter\CodeIgniter->runController(Object(App\Controllers\Home))
#7 D:\XAMPP\htdocs\System\system\CodeIgniter.php(326): CodeIgniter\CodeIgniter->handleRequest(NULL, Object(Config\Cache), false)
#8 D:\XAMPP\htdocs\System\public\index.php(37): CodeIgniter\CodeIgniter->run()
#9 {main}
CRITICAL - 2023-03-13 06:11:28 --> Undefined variable $firstname
#0 D:\XAMPP\htdocs\System\app\Views\main.php(46): CodeIgniter\Debug\Exceptions->errorHandler(2, 'Undefined varia...', 'D:\\XAMPP\\htdocs...', 46)
#1 D:\XAMPP\htdocs\System\system\View\View.php(210): include('D:\\XAMPP\\htdocs...')
#2 D:\XAMPP\htdocs\System\system\View\View.php(213): CodeIgniter\View\View->CodeIgniter\View\{closure}()
#3 D:\XAMPP\htdocs\System\system\Common.php(1089): CodeIgniter\View\View->render('main', Array, true)
#4 D:\XAMPP\htdocs\System\app\Controllers\Home.php(13): view('main')
#5 D:\XAMPP\htdocs\System\system\CodeIgniter.php(832): App\Controllers\Home->index()
#6 D:\XAMPP\htdocs\System\system\CodeIgniter.php(419): CodeIgniter\CodeIgniter->runController(Object(App\Controllers\Home))
#7 D:\XAMPP\htdocs\System\system\CodeIgniter.php(326): CodeIgniter\CodeIgniter->handleRequest(NULL, Object(Config\Cache), false)
#8 D:\XAMPP\htdocs\System\public\index.php(37): CodeIgniter\CodeIgniter->run()
#9 {main}
CRITICAL - 2023-03-13 06:13:42 --> session_start(): Ignoring session_start() because a session is already active
#0 [internal function]: CodeIgniter\Debug\Exceptions->errorHandler(8, 'session_start()...', 'D:\\XAMPP\\htdocs...', 43)
#1 D:\XAMPP\htdocs\System\app\Views\main.php(43): session_start()
#2 D:\XAMPP\htdocs\System\system\View\View.php(210): include('D:\\XAMPP\\htdocs...')
#3 D:\XAMPP\htdocs\System\system\View\View.php(213): CodeIgniter\View\View->CodeIgniter\View\{closure}()
#4 D:\XAMPP\htdocs\System\system\Common.php(1089): CodeIgniter\View\View->render('main', Array, true)
#5 D:\XAMPP\htdocs\System\app\Controllers\Home.php(13): view('main')
#6 D:\XAMPP\htdocs\System\system\CodeIgniter.php(832): App\Controllers\Home->index()
#7 D:\XAMPP\htdocs\System\system\CodeIgniter.php(419): CodeIgniter\CodeIgniter->runController(Object(App\Controllers\Home))
#8 D:\XAMPP\htdocs\System\system\CodeIgniter.php(326): CodeIgniter\CodeIgniter->handleRequest(NULL, Object(Config\Cache), false)
#9 D:\XAMPP\htdocs\System\public\index.php(37): CodeIgniter\CodeIgniter->run()
#10 {main}
CRITICAL - 2023-03-13 06:13:58 --> Undefined variable $user_name
#0 D:\XAMPP\htdocs\System\app\Views\main.php(53): CodeIgniter\Debug\Exceptions->errorHandler(2, 'Undefined varia...', 'D:\\XAMPP\\htdocs...', 53)
#1 D:\XAMPP\htdocs\System\system\View\View.php(210): include('D:\\XAMPP\\htdocs...')
#2 D:\XAMPP\htdocs\System\system\View\View.php(213): CodeIgniter\View\View->CodeIgniter\View\{closure}()
#3 D:\XAMPP\htdocs\System\system\Common.php(1089): CodeIgniter\View\View->render('main', Array, true)
#4 D:\XAMPP\htdocs\System\app\Controllers\Home.php(13): view('main')
#5 D:\XAMPP\htdocs\System\system\CodeIgniter.php(832): App\Controllers\Home->index()
#6 D:\XAMPP\htdocs\System\system\CodeIgniter.php(419): CodeIgniter\CodeIgniter->runController(Object(App\Controllers\Home))
#7 D:\XAMPP\htdocs\System\system\CodeIgniter.php(326): CodeIgniter\CodeIgniter->handleRequest(NULL, Object(Config\Cache), false)
#8 D:\XAMPP\htdocs\System\public\index.php(37): CodeIgniter\CodeIgniter->run()
#9 {main}
CRITICAL - 2023-03-13 06:15:46 --> Undefined variable $firstname
#0 D:\XAMPP\htdocs\System\app\Views\main.php(53): CodeIgniter\Debug\Exceptions->errorHandler(2, 'Undefined varia...', 'D:\\XAMPP\\htdocs...', 53)
#1 D:\XAMPP\htdocs\System\system\View\View.php(210): include('D:\\XAMPP\\htdocs...')
#2 D:\XAMPP\htdocs\System\system\View\View.php(213): CodeIgniter\View\View->CodeIgniter\View\{closure}()
#3 D:\XAMPP\htdocs\System\system\Common.php(1089): CodeIgniter\View\View->render('main', Array, true)
#4 D:\XAMPP\htdocs\System\app\Controllers\Home.php(13): view('main')
#5 D:\XAMPP\htdocs\System\system\CodeIgniter.php(832): App\Controllers\Home->index()
#6 D:\XAMPP\htdocs\System\system\CodeIgniter.php(419): CodeIgniter\CodeIgniter->runController(Object(App\Controllers\Home))
#7 D:\XAMPP\htdocs\System\system\CodeIgniter.php(326): CodeIgniter\CodeIgniter->handleRequest(NULL, Object(Config\Cache), false)
#8 D:\XAMPP\htdocs\System\public\index.php(37): CodeIgniter\CodeIgniter->run()
#9 {main}
CRITICAL - 2023-03-13 06:17:11 --> Undefined variable $firstname
#0 D:\XAMPP\htdocs\System\app\Views\main.php(53): CodeIgniter\Debug\Exceptions->errorHandler(2, 'Undefined varia...', 'D:\\XAMPP\\htdocs...', 53)
#1 D:\XAMPP\htdocs\System\system\View\View.php(210): include('D:\\XAMPP\\htdocs...')
#2 D:\XAMPP\htdocs\System\system\View\View.php(213): CodeIgniter\View\View->CodeIgniter\View\{closure}()
#3 D:\XAMPP\htdocs\System\system\Common.php(1089): CodeIgniter\View\View->render('main', Array, true)
#4 D:\XAMPP\htdocs\System\app\Controllers\Home.php(13): view('main')
#5 D:\XAMPP\htdocs\System\system\CodeIgniter.php(832): App\Controllers\Home->index()
#6 D:\XAMPP\htdocs\System\system\CodeIgniter.php(419): CodeIgniter\CodeIgniter->runController(Object(App\Controllers\Home))
#7 D:\XAMPP\htdocs\System\system\CodeIgniter.php(326): CodeIgniter\CodeIgniter->handleRequest(NULL, Object(Config\Cache), false)
#8 D:\XAMPP\htdocs\System\public\index.php(37): CodeIgniter\CodeIgniter->run()
#9 {main}
CRITICAL - 2023-03-13 09:44:28 --> You have an error in your SQL syntax; check the manual that corresponds to your MariaDB server version for the right syntax to use near ''' at line 1
#0 D:\XAMPP\htdocs\System\app\Views\edit_acc.php(19): mysqli_query(Object(mysqli), 'UPDATE accounts...')
#1 D:\XAMPP\htdocs\System\system\View\View.php(210): include('D:\\XAMPP\\htdocs...')
#2 D:\XAMPP\htdocs\System\system\View\View.php(213): CodeIgniter\View\View->CodeIgniter\View\{closure}()
#3 D:\XAMPP\htdocs\System\system\Common.php(1089): CodeIgniter\View\View->render('edit_acc', Array, true)
#4 D:\XAMPP\htdocs\System\app\Controllers\Edit_acc.php(15): view('edit_acc')
#5 D:\XAMPP\htdocs\System\system\CodeIgniter.php(832): App\Controllers\Edit_acc->index()
#6 D:\XAMPP\htdocs\System\system\CodeIgniter.php(419): CodeIgniter\CodeIgniter->runController(Object(App\Controllers\Edit_acc))
#7 D:\XAMPP\htdocs\System\system\CodeIgniter.php(326): CodeIgniter\CodeIgniter->handleRequest(NULL, Object(Config\Cache), false)
#8 D:\XAMPP\htdocs\System\public\index.php(37): CodeIgniter\CodeIgniter->run()
#9 {main}
CRITICAL - 2023-03-13 10:13:47 --> Undefined variable $conn
#0 D:\XAMPP\htdocs\System\app\Views\edit_acc.php(6): CodeIgniter\Debug\Exceptions->errorHandler(2, 'Undefined varia...', 'D:\\XAMPP\\htdocs...', 6)
#1 D:\XAMPP\htdocs\System\system\View\View.php(210): include('D:\\XAMPP\\htdocs...')
#2 D:\XAMPP\htdocs\System\system\View\View.php(213): CodeIgniter\View\View->CodeIgniter\View\{closure}()
#3 D:\XAMPP\htdocs\System\system\Common.php(1089): CodeIgniter\View\View->render('edit_acc', Array, true)
#4 D:\XAMPP\htdocs\System\app\Controllers\Edit_acc.php(15): view('edit_acc')
#5 D:\XAMPP\htdocs\System\system\CodeIgniter.php(832): App\Controllers\Edit_acc->index()
#6 D:\XAMPP\htdocs\System\system\CodeIgniter.php(419): CodeIgniter\CodeIgniter->runController(Object(App\Controllers\Edit_acc))
#7 D:\XAMPP\htdocs\System\system\CodeIgniter.php(326): CodeIgniter\CodeIgniter->handleRequest(NULL, Object(Config\Cache), false)
#8 D:\XAMPP\htdocs\System\public\index.php(37): CodeIgniter\CodeIgniter->run()
#9 {main}
CRITICAL - 2023-03-13 10:14:01 --> Undefined variable $conn
#0 D:\XAMPP\htdocs\System\app\Views\edit_acc.php(21): CodeIgniter\Debug\Exceptions->errorHandler(2, 'Undefined varia...', 'D:\\XAMPP\\htdocs...', 21)
#1 D:\XAMPP\htdocs\System\system\View\View.php(210): include('D:\\XAMPP\\htdocs...')
#2 D:\XAMPP\htdocs\System\system\View\View.php(213): CodeIgniter\View\View->CodeIgniter\View\{closure}()
#3 D:\XAMPP\htdocs\System\system\Common.php(1089): CodeIgniter\View\View->render('edit_acc', Array, true)
#4 D:\XAMPP\htdocs\System\app\Controllers\Edit_acc.php(15): view('edit_acc')
#5 D:\XAMPP\htdocs\System\system\CodeIgniter.php(832): App\Controllers\Edit_acc->index()
#6 D:\XAMPP\htdocs\System\system\CodeIgniter.php(419): CodeIgniter\CodeIgniter->runController(Object(App\Controllers\Edit_acc))
#7 D:\XAMPP\htdocs\System\system\CodeIgniter.php(326): CodeIgniter\CodeIgniter->handleRequest(NULL, Object(Config\Cache), false)
#8 D:\XAMPP\htdocs\System\public\index.php(37): CodeIgniter\CodeIgniter->run()
#9 {main}
CRITICAL - 2023-03-13 10:15:25 --> Undefined variable $query
#0 D:\XAMPP\htdocs\System\app\Views\edit_acc.php(48): CodeIgniter\Debug\Exceptions->errorHandler(2, 'Undefined varia...', 'D:\\XAMPP\\htdocs...', 48)
#1 D:\XAMPP\htdocs\System\system\View\View.php(210): include('D:\\XAMPP\\htdocs...')
#2 D:\XAMPP\htdocs\System\system\View\View.php(213): CodeIgniter\View\View->CodeIgniter\View\{closure}()
#3 D:\XAMPP\htdocs\System\system\Common.php(1089): CodeIgniter\View\View->render('edit_acc', Array, true)
#4 D:\XAMPP\htdocs\System\app\Controllers\Edit_acc.php(15): view('edit_acc')
#5 D:\XAMPP\htdocs\System\system\CodeIgniter.php(832): App\Controllers\Edit_acc->index()
#6 D:\XAMPP\htdocs\System\system\CodeIgniter.php(419): CodeIgniter\CodeIgniter->runController(Object(App\Controllers\Edit_acc))
#7 D:\XAMPP\htdocs\System\system\CodeIgniter.php(326): CodeIgniter\CodeIgniter->handleRequest(NULL, Object(Config\Cache), false)
#8 D:\XAMPP\htdocs\System\public\index.php(37): CodeIgniter\CodeIgniter->run()
#9 {main}
CRITICAL - 2023-03-13 10:15:36 --> Undefined variable $query_run
#0 D:\XAMPP\htdocs\System\app\Views\edit_acc.php(50): CodeIgniter\Debug\Exceptions->errorHandler(2, 'Undefined varia...', 'D:\\XAMPP\\htdocs...', 50)
#1 D:\XAMPP\htdocs\System\system\View\View.php(210): include('D:\\XAMPP\\htdocs...')
#2 D:\XAMPP\htdocs\System\system\View\View.php(213): CodeIgniter\View\View->CodeIgniter\View\{closure}()
#3 D:\XAMPP\htdocs\System\system\Common.php(1089): CodeIgniter\View\View->render('edit_acc', Array, true)
#4 D:\XAMPP\htdocs\System\app\Controllers\Edit_acc.php(15): view('edit_acc')
#5 D:\XAMPP\htdocs\System\system\CodeIgniter.php(832): App\Controllers\Edit_acc->index()
#6 D:\XAMPP\htdocs\System\system\CodeIgniter.php(419): CodeIgniter\CodeIgniter->runController(Object(App\Controllers\Edit_acc))
#7 D:\XAMPP\htdocs\System\system\CodeIgniter.php(326): CodeIgniter\CodeIgniter->handleRequest(NULL, Object(Config\Cache), false)
#8 D:\XAMPP\htdocs\System\public\index.php(37): CodeIgniter\CodeIgniter->run()
#9 {main}
CRITICAL - 2023-03-13 10:15:48 --> syntax error, unexpected token "else"
#0 D:\XAMPP\htdocs\System\system\View\View.php(213): CodeIgniter\View\View->CodeIgniter\View\{closure}()
#1 D:\XAMPP\htdocs\System\system\Common.php(1089): CodeIgniter\View\View->render('edit_acc', Array, true)
#2 D:\XAMPP\htdocs\System\app\Controllers\Edit_acc.php(15): view('edit_acc')
#3 D:\XAMPP\htdocs\System\system\CodeIgniter.php(832): App\Controllers\Edit_acc->index()
#4 D:\XAMPP\htdocs\System\system\CodeIgniter.php(419): CodeIgniter\CodeIgniter->runController(Object(App\Controllers\Edit_acc))
#5 D:\XAMPP\htdocs\System\system\CodeIgniter.php(326): CodeIgniter\CodeIgniter->handleRequest(NULL, Object(Config\Cache), false)
#6 D:\XAMPP\htdocs\System\public\index.php(37): CodeIgniter\CodeIgniter->run()
#7 {main}
CRITICAL - 2023-03-13 10:15:58 --> Undefined variable $conn
#0 D:\XAMPP\htdocs\System\app\Views\edit_acc.php(54): CodeIgniter\Debug\Exceptions->errorHandler(2, 'Undefined varia...', 'D:\\XAMPP\\htdocs...', 54)
#1 D:\XAMPP\htdocs\System\system\View\View.php(210): include('D:\\XAMPP\\htdocs...')
#2 D:\XAMPP\htdocs\System\system\View\View.php(213): CodeIgniter\View\View->CodeIgniter\View\{closure}()
#3 D:\XAMPP\htdocs\System\system\Common.php(1089): CodeIgniter\View\View->render('edit_acc', Array, true)
#4 D:\XAMPP\htdocs\System\app\Controllers\Edit_acc.php(15): view('edit_acc')
#5 D:\XAMPP\htdocs\System\system\CodeIgniter.php(832): App\Controllers\Edit_acc->index()
#6 D:\XAMPP\htdocs\System\system\CodeIgniter.php(419): CodeIgniter\CodeIgniter->runController(Object(App\Controllers\Edit_acc))
#7 D:\XAMPP\htdocs\System\system\CodeIgniter.php(326): CodeIgniter\CodeIgniter->handleRequest(NULL, Object(Config\Cache), false)
#8 D:\XAMPP\htdocs\System\public\index.php(37): CodeIgniter\CodeIgniter->run()
#9 {main}
CRITICAL - 2023-03-13 22:03:29 --> require(D:\XAMPP\htdocs\System\app\Views/PHPExcel/Autoloader.php): Failed to open stream: No such file or directory
#0 D:\XAMPP\htdocs\System\app\Views\PHPExcel.php(6): CodeIgniter\Debug\Exceptions->errorHandler(2, 'require(D:\\XAMP...', 'D:\\XAMPP\\htdocs...', 6)
#1 D:\XAMPP\htdocs\System\app\Views\PHPExcel.php(6): require()
#2 D:\XAMPP\htdocs\System\app\Views\generate_report.php(34): require_once('D:\\XAMPP\\htdocs...')
#3 D:\XAMPP\htdocs\System\system\View\View.php(210): include('D:\\XAMPP\\htdocs...')
#4 D:\XAMPP\htdocs\System\system\View\View.php(213): CodeIgniter\View\View->CodeIgniter\View\{closure}()
#5 D:\XAMPP\htdocs\System\system\Common.php(1089): CodeIgniter\View\View->render('generate_report', Array, true)
#6 D:\XAMPP\htdocs\System\app\Controllers\Generate_report.php(15): view('generate_report')
#7 D:\XAMPP\htdocs\System\system\CodeIgniter.php(832): App\Controllers\Generate_report->index()
#8 D:\XAMPP\htdocs\System\system\CodeIgniter.php(419): CodeIgniter\CodeIgniter->runController(Object(App\Controllers\Generate_report))
#9 D:\XAMPP\htdocs\System\system\CodeIgniter.php(326): CodeIgniter\CodeIgniter->handleRequest(NULL, Object(Config\Cache), false)
#10 D:\XAMPP\htdocs\System\public\index.php(37): CodeIgniter\CodeIgniter->run()
#11 {main}
