CRITICAL - 2023-03-09 18:40:43 --> Undefined variable $conn
#0 D:\XAMPP\htdocs\System\app\Views\generate_report.php(6): CodeIgniter\Debug\Exceptions->errorHandler(2, 'Undefined varia...', 'D:\\XAMPP\\htdocs...', 6)
#1 D:\XAMPP\htdocs\System\system\View\View.php(210): include('D:\\XAMPP\\htdocs...')
#2 D:\XAMPP\htdocs\System\system\View\View.php(213): CodeIgniter\View\View->CodeIgniter\View\{closure}()
#3 D:\XAMPP\htdocs\System\system\Common.php(1089): CodeIgniter\View\View->render('generate_report', Array, true)
#4 D:\XAMPP\htdocs\System\app\Controllers\Generate_report.php(15): view('generate_report')
#5 D:\XAMPP\htdocs\System\system\CodeIgniter.php(832): App\Controllers\Generate_report->index()
#6 D:\XAMPP\htdocs\System\system\CodeIgniter.php(419): CodeIgniter\CodeIgniter->runController(Object(App\Controllers\Generate_report))
#7 D:\XAMPP\htdocs\System\system\CodeIgniter.php(326): CodeIgniter\CodeIgniter->handleRequest(NULL, Object(Config\Cache), false)
#8 D:\XAMPP\htdocs\System\public\index.php(37): CodeIgniter\CodeIgniter->run()
#9 {main}
CRITICAL - 2023-03-09 18:42:43 --> Undefined variable $conn
#0 D:\XAMPP\htdocs\System\app\Views\generate_report.php(14): CodeIgniter\Debug\Exceptions->errorHandler(2, 'Undefined varia...', 'D:\\XAMPP\\htdocs...', 14)
#1 D:\XAMPP\htdocs\System\system\View\View.php(210): include('D:\\XAMPP\\htdocs...')
#2 D:\XAMPP\htdocs\System\system\View\View.php(213): CodeIgniter\View\View->CodeIgniter\View\{closure}()
#3 D:\XAMPP\htdocs\System\system\Common.php(1089): CodeIgniter\View\View->render('generate_report', Array, true)
#4 D:\XAMPP\htdocs\System\app\Controllers\Generate_report.php(15): view('generate_report')
#5 D:\XAMPP\htdocs\System\system\CodeIgniter.php(832): App\Controllers\Generate_report->index()
#6 D:\XAMPP\htdocs\System\system\CodeIgniter.php(419): CodeIgniter\CodeIgniter->runController(Object(App\Controllers\Generate_report))
#7 D:\XAMPP\htdocs\System\system\CodeIgniter.php(326): CodeIgniter\CodeIgniter->handleRequest(NULL, Object(Config\Cache), false)
#8 D:\XAMPP\htdocs\System\public\index.php(37): CodeIgniter\CodeIgniter->run()
#9 {main}
CRITICAL - 2023-03-09 18:43:59 --> Undefined variable $conn
#0 D:\XAMPP\htdocs\System\app\Views\generate_report.php(20): CodeIgniter\Debug\Exceptions->errorHandler(2, 'Undefined varia...', 'D:\\XAMPP\\htdocs...', 20)
#1 D:\XAMPP\htdocs\System\system\View\View.php(210): include('D:\\XAMPP\\htdocs...')
#2 D:\XAMPP\htdocs\System\system\View\View.php(213): CodeIgniter\View\View->CodeIgniter\View\{closure}()
#3 D:\XAMPP\htdocs\System\system\Common.php(1089): CodeIgniter\View\View->render('generate_report', Array, true)
#4 D:\XAMPP\htdocs\System\app\Controllers\Generate_report.php(15): view('generate_report')
#5 D:\XAMPP\htdocs\System\system\CodeIgniter.php(832): App\Controllers\Generate_report->index()
#6 D:\XAMPP\htdocs\System\system\CodeIgniter.php(419): CodeIgniter\CodeIgniter->runController(Object(App\Controllers\Generate_report))
#7 D:\XAMPP\htdocs\System\system\CodeIgniter.php(326): CodeIgniter\CodeIgniter->handleRequest(NULL, Object(Config\Cache), false)
#8 D:\XAMPP\htdocs\System\public\index.php(37): CodeIgniter\CodeIgniter->run()
#9 {main}
CRITICAL - 2023-03-09 18:44:24 --> The used SELECT statements have a different number of columns
#0 D:\XAMPP\htdocs\System\app\Views\generate_report.php(20): mysqli_query(Object(mysqli), 'SELECT * FROM b...')
#1 D:\XAMPP\htdocs\System\system\View\View.php(210): include('D:\\XAMPP\\htdocs...')
#2 D:\XAMPP\htdocs\System\system\View\View.php(213): CodeIgniter\View\View->CodeIgniter\View\{closure}()
#3 D:\XAMPP\htdocs\System\system\Common.php(1089): CodeIgniter\View\View->render('generate_report', Array, true)
#4 D:\XAMPP\htdocs\System\app\Controllers\Generate_report.php(15): view('generate_report')
#5 D:\XAMPP\htdocs\System\system\CodeIgniter.php(832): App\Controllers\Generate_report->index()
#6 D:\XAMPP\htdocs\System\system\CodeIgniter.php(419): CodeIgniter\CodeIgniter->runController(Object(App\Controllers\Generate_report))
#7 D:\XAMPP\htdocs\System\system\CodeIgniter.php(326): CodeIgniter\CodeIgniter->handleRequest(NULL, Object(Config\Cache), false)
#8 D:\XAMPP\htdocs\System\public\index.php(37): CodeIgniter\CodeIgniter->run()
#9 {main}
CRITICAL - 2023-03-09 18:54:10 --> The used SELECT statements have a different number of columns
#0 D:\XAMPP\htdocs\System\app\Views\generate_report.php(20): mysqli_query(Object(mysqli), 'SELECT * FROM b...')
#1 D:\XAMPP\htdocs\System\system\View\View.php(210): include('D:\\XAMPP\\htdocs...')
#2 D:\XAMPP\htdocs\System\system\View\View.php(213): CodeIgniter\View\View->CodeIgniter\View\{closure}()
#3 D:\XAMPP\htdocs\System\system\Common.php(1089): CodeIgniter\View\View->render('generate_report', Array, true)
#4 D:\XAMPP\htdocs\System\app\Controllers\Generate_report.php(15): view('generate_report')
#5 D:\XAMPP\htdocs\System\system\CodeIgniter.php(832): App\Controllers\Generate_report->index()
#6 D:\XAMPP\htdocs\System\system\CodeIgniter.php(419): CodeIgniter\CodeIgniter->runController(Object(App\Controllers\Generate_report))
#7 D:\XAMPP\htdocs\System\system\CodeIgniter.php(326): CodeIgniter\CodeIgniter->handleRequest(NULL, Object(Config\Cache), false)
#8 D:\XAMPP\htdocs\System\public\index.php(37): CodeIgniter\CodeIgniter->run()
#9 {main}
CRITICAL - 2023-03-09 18:54:14 --> The used SELECT statements have a different number of columns
#0 D:\XAMPP\htdocs\System\app\Views\generate_report.php(20): mysqli_query(Object(mysqli), 'SELECT * FROM b...')
#1 D:\XAMPP\htdocs\System\system\View\View.php(210): include('D:\\XAMPP\\htdocs...')
#2 D:\XAMPP\htdocs\System\system\View\View.php(213): CodeIgniter\View\View->CodeIgniter\View\{closure}()
#3 D:\XAMPP\htdocs\System\system\Common.php(1089): CodeIgniter\View\View->render('generate_report', Array, true)
#4 D:\XAMPP\htdocs\System\app\Controllers\Generate_report.php(15): view('generate_report')
#5 D:\XAMPP\htdocs\System\system\CodeIgniter.php(832): App\Controllers\Generate_report->index()
#6 D:\XAMPP\htdocs\System\system\CodeIgniter.php(419): CodeIgniter\CodeIgniter->runController(Object(App\Controllers\Generate_report))
#7 D:\XAMPP\htdocs\System\system\CodeIgniter.php(326): CodeIgniter\CodeIgniter->handleRequest(NULL, Object(Config\Cache), false)
#8 D:\XAMPP\htdocs\System\public\index.php(37): CodeIgniter\CodeIgniter->run()
#9 {main}
CRITICAL - 2023-03-09 18:54:30 --> The used SELECT statements have a different number of columns
#0 D:\XAMPP\htdocs\System\app\Views\generate_report.php(20): mysqli_query(Object(mysqli), 'SELECT * FROM b...')
#1 D:\XAMPP\htdocs\System\system\View\View.php(210): include('D:\\XAMPP\\htdocs...')
#2 D:\XAMPP\htdocs\System\system\View\View.php(213): CodeIgniter\View\View->CodeIgniter\View\{closure}()
#3 D:\XAMPP\htdocs\System\system\Common.php(1089): CodeIgniter\View\View->render('generate_report', Array, true)
#4 D:\XAMPP\htdocs\System\app\Controllers\Generate_report.php(15): view('generate_report')
#5 D:\XAMPP\htdocs\System\system\CodeIgniter.php(832): App\Controllers\Generate_report->index()
#6 D:\XAMPP\htdocs\System\system\CodeIgniter.php(419): CodeIgniter\CodeIgniter->runController(Object(App\Controllers\Generate_report))
#7 D:\XAMPP\htdocs\System\system\CodeIgniter.php(326): CodeIgniter\CodeIgniter->handleRequest(NULL, Object(Config\Cache), false)
#8 D:\XAMPP\htdocs\System\public\index.php(37): CodeIgniter\CodeIgniter->run()
#9 {main}
CRITICAL - 2023-03-09 18:58:21 --> Undefined variable $conn
#0 D:\XAMPP\htdocs\System\app\Views\generate_report.php(14): CodeIgniter\Debug\Exceptions->errorHandler(2, 'Undefined varia...', 'D:\\XAMPP\\htdocs...', 14)
#1 D:\XAMPP\htdocs\System\system\View\View.php(210): include('D:\\XAMPP\\htdocs...')
#2 D:\XAMPP\htdocs\System\system\View\View.php(213): CodeIgniter\View\View->CodeIgniter\View\{closure}()
#3 D:\XAMPP\htdocs\System\system\Common.php(1089): CodeIgniter\View\View->render('generate_report', Array, true)
#4 D:\XAMPP\htdocs\System\app\Controllers\Generate_report.php(15): view('generate_report')
#5 D:\XAMPP\htdocs\System\system\CodeIgniter.php(832): App\Controllers\Generate_report->index()
#6 D:\XAMPP\htdocs\System\system\CodeIgniter.php(419): CodeIgniter\CodeIgniter->runController(Object(App\Controllers\Generate_report))
#7 D:\XAMPP\htdocs\System\system\CodeIgniter.php(326): CodeIgniter\CodeIgniter->handleRequest(NULL, Object(Config\Cache), false)
#8 D:\XAMPP\htdocs\System\public\index.php(37): CodeIgniter\CodeIgniter->run()
#9 {main}
CRITICAL - 2023-03-09 18:58:33 --> Undefined variable $conn
#0 D:\XAMPP\htdocs\System\app\Views\generate_report.php(20): CodeIgniter\Debug\Exceptions->errorHandler(2, 'Undefined varia...', 'D:\\XAMPP\\htdocs...', 20)
#1 D:\XAMPP\htdocs\System\system\View\View.php(210): include('D:\\XAMPP\\htdocs...')
#2 D:\XAMPP\htdocs\System\system\View\View.php(213): CodeIgniter\View\View->CodeIgniter\View\{closure}()
#3 D:\XAMPP\htdocs\System\system\Common.php(1089): CodeIgniter\View\View->render('generate_report', Array, true)
#4 D:\XAMPP\htdocs\System\app\Controllers\Generate_report.php(15): view('generate_report')
#5 D:\XAMPP\htdocs\System\system\CodeIgniter.php(832): App\Controllers\Generate_report->index()
#6 D:\XAMPP\htdocs\System\system\CodeIgniter.php(419): CodeIgniter\CodeIgniter->runController(Object(App\Controllers\Generate_report))
#7 D:\XAMPP\htdocs\System\system\CodeIgniter.php(326): CodeIgniter\CodeIgniter->handleRequest(NULL, Object(Config\Cache), false)
#8 D:\XAMPP\htdocs\System\public\index.php(37): CodeIgniter\CodeIgniter->run()
#9 {main}
CRITICAL - 2023-03-09 18:58:43 --> The used SELECT statements have a different number of columns
#0 D:\XAMPP\htdocs\System\app\Views\generate_report.php(20): mysqli_query(Object(mysqli), 'SELECT * FROM b...')
#1 D:\XAMPP\htdocs\System\system\View\View.php(210): include('D:\\XAMPP\\htdocs...')
#2 D:\XAMPP\htdocs\System\system\View\View.php(213): CodeIgniter\View\View->CodeIgniter\View\{closure}()
#3 D:\XAMPP\htdocs\System\system\Common.php(1089): CodeIgniter\View\View->render('generate_report', Array, true)
#4 D:\XAMPP\htdocs\System\app\Controllers\Generate_report.php(15): view('generate_report')
#5 D:\XAMPP\htdocs\System\system\CodeIgniter.php(832): App\Controllers\Generate_report->index()
#6 D:\XAMPP\htdocs\System\system\CodeIgniter.php(419): CodeIgniter\CodeIgniter->runController(Object(App\Controllers\Generate_report))
#7 D:\XAMPP\htdocs\System\system\CodeIgniter.php(326): CodeIgniter\CodeIgniter->handleRequest(NULL, Object(Config\Cache), false)
#8 D:\XAMPP\htdocs\System\public\index.php(37): CodeIgniter\CodeIgniter->run()
#9 {main}
CRITICAL - 2023-03-09 19:00:37 --> Undefined variable $conn
#0 D:\XAMPP\htdocs\System\app\Views\generate_report.php(15): CodeIgniter\Debug\Exceptions->errorHandler(2, 'Undefined varia...', 'D:\\XAMPP\\htdocs...', 15)
#1 D:\XAMPP\htdocs\System\system\View\View.php(210): include('D:\\XAMPP\\htdocs...')
#2 D:\XAMPP\htdocs\System\system\View\View.php(213): CodeIgniter\View\View->CodeIgniter\View\{closure}()
#3 D:\XAMPP\htdocs\System\system\Common.php(1089): CodeIgniter\View\View->render('generate_report', Array, true)
#4 D:\XAMPP\htdocs\System\app\Controllers\Generate_report.php(15): view('generate_report')
#5 D:\XAMPP\htdocs\System\system\CodeIgniter.php(832): App\Controllers\Generate_report->index()
#6 D:\XAMPP\htdocs\System\system\CodeIgniter.php(419): CodeIgniter\CodeIgniter->runController(Object(App\Controllers\Generate_report))
#7 D:\XAMPP\htdocs\System\system\CodeIgniter.php(326): CodeIgniter\CodeIgniter->handleRequest(NULL, Object(Config\Cache), false)
#8 D:\XAMPP\htdocs\System\public\index.php(37): CodeIgniter\CodeIgniter->run()
#9 {main}
CRITICAL - 2023-03-09 19:00:47 --> Unknown column 'col1' in 'field list'
#0 D:\XAMPP\htdocs\System\app\Views\generate_report.php(24): mysqli_query(Object(mysqli), 'SELECT col1 as ...')
#1 D:\XAMPP\htdocs\System\system\View\View.php(210): include('D:\\XAMPP\\htdocs...')
#2 D:\XAMPP\htdocs\System\system\View\View.php(213): CodeIgniter\View\View->CodeIgniter\View\{closure}()
#3 D:\XAMPP\htdocs\System\system\Common.php(1089): CodeIgniter\View\View->render('generate_report', Array, true)
#4 D:\XAMPP\htdocs\System\app\Controllers\Generate_report.php(15): view('generate_report')
#5 D:\XAMPP\htdocs\System\system\CodeIgniter.php(832): App\Controllers\Generate_report->index()
#6 D:\XAMPP\htdocs\System\system\CodeIgniter.php(419): CodeIgniter\CodeIgniter->runController(Object(App\Controllers\Generate_report))
#7 D:\XAMPP\htdocs\System\system\CodeIgniter.php(326): CodeIgniter\CodeIgniter->handleRequest(NULL, Object(Config\Cache), false)
#8 D:\XAMPP\htdocs\System\public\index.php(37): CodeIgniter\CodeIgniter->run()
#9 {main}
CRITICAL - 2023-03-09 19:05:01 --> You have an error in your SQL syntax; check the manual that corresponds to your MariaDB server version for the right syntax to use near 'column6 FROM branchb UNION 
        SELECT Product as column1, Prod_id as co...' at line 2
#0 D:\XAMPP\htdocs\System\app\Views\generate_report.php(24): mysqli_query(Object(mysqli), 'SELECT id as co...')
#1 D:\XAMPP\htdocs\System\system\View\View.php(210): include('D:\\XAMPP\\htdocs...')
#2 D:\XAMPP\htdocs\System\system\View\View.php(213): CodeIgniter\View\View->CodeIgniter\View\{closure}()
#3 D:\XAMPP\htdocs\System\system\Common.php(1089): CodeIgniter\View\View->render('generate_report', Array, true)
#4 D:\XAMPP\htdocs\System\app\Controllers\Generate_report.php(15): view('generate_report')
#5 D:\XAMPP\htdocs\System\system\CodeIgniter.php(832): App\Controllers\Generate_report->index()
#6 D:\XAMPP\htdocs\System\system\CodeIgniter.php(419): CodeIgniter\CodeIgniter->runController(Object(App\Controllers\Generate_report))
#7 D:\XAMPP\htdocs\System\system\CodeIgniter.php(326): CodeIgniter\CodeIgniter->handleRequest(NULL, Object(Config\Cache), false)
#8 D:\XAMPP\htdocs\System\public\index.php(37): CodeIgniter\CodeIgniter->run()
#9 {main}
CRITICAL - 2023-03-09 19:05:41 --> Unknown column 'Date_Created' in 'field list'
#0 D:\XAMPP\htdocs\System\app\Views\generate_report.php(24): mysqli_query(Object(mysqli), 'SELECT id as co...')
#1 D:\XAMPP\htdocs\System\system\View\View.php(210): include('D:\\XAMPP\\htdocs...')
#2 D:\XAMPP\htdocs\System\system\View\View.php(213): CodeIgniter\View\View->CodeIgniter\View\{closure}()
#3 D:\XAMPP\htdocs\System\system\Common.php(1089): CodeIgniter\View\View->render('generate_report', Array, true)
#4 D:\XAMPP\htdocs\System\app\Controllers\Generate_report.php(15): view('generate_report')
#5 D:\XAMPP\htdocs\System\system\CodeIgniter.php(832): App\Controllers\Generate_report->index()
#6 D:\XAMPP\htdocs\System\system\CodeIgniter.php(419): CodeIgniter\CodeIgniter->runController(Object(App\Controllers\Generate_report))
#7 D:\XAMPP\htdocs\System\system\CodeIgniter.php(326): CodeIgniter\CodeIgniter->handleRequest(NULL, Object(Config\Cache), false)
#8 D:\XAMPP\htdocs\System\public\index.php(37): CodeIgniter\CodeIgniter->run()
#9 {main}
CRITICAL - 2023-03-09 19:12:15 --> Unknown column 'Date_Created' in 'field list'
#0 D:\XAMPP\htdocs\System\app\Views\generate_report.php(28): mysqli_query(Object(mysqli), 'SELECT id, Prod...')
#1 D:\XAMPP\htdocs\System\system\View\View.php(210): include('D:\\XAMPP\\htdocs...')
#2 D:\XAMPP\htdocs\System\system\View\View.php(213): CodeIgniter\View\View->CodeIgniter\View\{closure}()
#3 D:\XAMPP\htdocs\System\system\Common.php(1089): CodeIgniter\View\View->render('generate_report', Array, true)
#4 D:\XAMPP\htdocs\System\app\Controllers\Generate_report.php(15): view('generate_report')
#5 D:\XAMPP\htdocs\System\system\CodeIgniter.php(832): App\Controllers\Generate_report->index()
#6 D:\XAMPP\htdocs\System\system\CodeIgniter.php(419): CodeIgniter\CodeIgniter->runController(Object(App\Controllers\Generate_report))
#7 D:\XAMPP\htdocs\System\system\CodeIgniter.php(326): CodeIgniter\CodeIgniter->handleRequest(NULL, Object(Config\Cache), false)
#8 D:\XAMPP\htdocs\System\public\index.php(37): CodeIgniter\CodeIgniter->run()
#9 {main}
CRITICAL - 2023-03-09 19:13:49 --> Unknown column 'Date_Created' in 'field list'
#0 D:\XAMPP\htdocs\System\app\Views\generate_report.php(29): mysqli_query(Object(mysqli), 'SELECT id, Prod...')
#1 D:\XAMPP\htdocs\System\system\View\View.php(210): include('D:\\XAMPP\\htdocs...')
#2 D:\XAMPP\htdocs\System\system\View\View.php(213): CodeIgniter\View\View->CodeIgniter\View\{closure}()
#3 D:\XAMPP\htdocs\System\system\Common.php(1089): CodeIgniter\View\View->render('generate_report', Array, true)
#4 D:\XAMPP\htdocs\System\app\Controllers\Generate_report.php(15): view('generate_report')
#5 D:\XAMPP\htdocs\System\system\CodeIgniter.php(832): App\Controllers\Generate_report->index()
#6 D:\XAMPP\htdocs\System\system\CodeIgniter.php(419): CodeIgniter\CodeIgniter->runController(Object(App\Controllers\Generate_report))
#7 D:\XAMPP\htdocs\System\system\CodeIgniter.php(326): CodeIgniter\CodeIgniter->handleRequest(NULL, Object(Config\Cache), false)
#8 D:\XAMPP\htdocs\System\public\index.php(37): CodeIgniter\CodeIgniter->run()
#9 {main}
CRITICAL - 2023-03-09 19:14:48 --> Unknown column 'Date_Created' in 'field list'
#0 D:\XAMPP\htdocs\System\app\Views\generate_report.php(29): mysqli_query(Object(mysqli), 'SELECT id, Prod...')
#1 D:\XAMPP\htdocs\System\system\View\View.php(210): include('D:\\XAMPP\\htdocs...')
#2 D:\XAMPP\htdocs\System\system\View\View.php(213): CodeIgniter\View\View->CodeIgniter\View\{closure}()
#3 D:\XAMPP\htdocs\System\system\Common.php(1089): CodeIgniter\View\View->render('generate_report', Array, true)
#4 D:\XAMPP\htdocs\System\app\Controllers\Generate_report.php(15): view('generate_report')
#5 D:\XAMPP\htdocs\System\system\CodeIgniter.php(832): App\Controllers\Generate_report->index()
#6 D:\XAMPP\htdocs\System\system\CodeIgniter.php(419): CodeIgniter\CodeIgniter->runController(Object(App\Controllers\Generate_report))
#7 D:\XAMPP\htdocs\System\system\CodeIgniter.php(326): CodeIgniter\CodeIgniter->handleRequest(NULL, Object(Config\Cache), false)
#8 D:\XAMPP\htdocs\System\public\index.php(37): CodeIgniter\CodeIgniter->run()
#9 {main}
CRITICAL - 2023-03-09 19:19:55 --> The used SELECT statements have a different number of columns
#0 D:\XAMPP\htdocs\System\app\Views\generate_report.php(29): mysqli_query(Object(mysqli), 'SELECT id, Prod...')
#1 D:\XAMPP\htdocs\System\system\View\View.php(210): include('D:\\XAMPP\\htdocs...')
#2 D:\XAMPP\htdocs\System\system\View\View.php(213): CodeIgniter\View\View->CodeIgniter\View\{closure}()
#3 D:\XAMPP\htdocs\System\system\Common.php(1089): CodeIgniter\View\View->render('generate_report', Array, true)
#4 D:\XAMPP\htdocs\System\app\Controllers\Generate_report.php(15): view('generate_report')
#5 D:\XAMPP\htdocs\System\system\CodeIgniter.php(832): App\Controllers\Generate_report->index()
#6 D:\XAMPP\htdocs\System\system\CodeIgniter.php(419): CodeIgniter\CodeIgniter->runController(Object(App\Controllers\Generate_report))
#7 D:\XAMPP\htdocs\System\system\CodeIgniter.php(326): CodeIgniter\CodeIgniter->handleRequest(NULL, Object(Config\Cache), false)
#8 D:\XAMPP\htdocs\System\public\index.php(37): CodeIgniter\CodeIgniter->run()
#9 {main}
CRITICAL - 2023-03-09 19:23:35 --> Unknown column 'n' in 'field list'
#0 D:\XAMPP\htdocs\System\app\Views\generate_report.php(29): mysqli_query(Object(mysqli), 'SELECT id, Prod...')
#1 D:\XAMPP\htdocs\System\system\View\View.php(210): include('D:\\XAMPP\\htdocs...')
#2 D:\XAMPP\htdocs\System\system\View\View.php(213): CodeIgniter\View\View->CodeIgniter\View\{closure}()
#3 D:\XAMPP\htdocs\System\system\Common.php(1089): CodeIgniter\View\View->render('generate_report', Array, true)
#4 D:\XAMPP\htdocs\System\app\Controllers\Generate_report.php(15): view('generate_report')
#5 D:\XAMPP\htdocs\System\system\CodeIgniter.php(832): App\Controllers\Generate_report->index()
#6 D:\XAMPP\htdocs\System\system\CodeIgniter.php(419): CodeIgniter\CodeIgniter->runController(Object(App\Controllers\Generate_report))
#7 D:\XAMPP\htdocs\System\system\CodeIgniter.php(326): CodeIgniter\CodeIgniter->handleRequest(NULL, Object(Config\Cache), false)
#8 D:\XAMPP\htdocs\System\public\index.php(37): CodeIgniter\CodeIgniter->run()
#9 {main}
CRITICAL - 2023-03-09 19:23:51 --> require_once(PHPExcel/PHPExcel.php): Failed to open stream: No such file or directory
#0 D:\XAMPP\htdocs\System\app\Views\generate_report.php(34): CodeIgniter\Debug\Exceptions->errorHandler(2, 'require_once(PH...', 'D:\\XAMPP\\htdocs...', 34)
#1 D:\XAMPP\htdocs\System\app\Views\generate_report.php(34): require_once()
#2 D:\XAMPP\htdocs\System\system\View\View.php(210): include('D:\\XAMPP\\htdocs...')
#3 D:\XAMPP\htdocs\System\system\View\View.php(213): CodeIgniter\View\View->CodeIgniter\View\{closure}()
#4 D:\XAMPP\htdocs\System\system\Common.php(1089): CodeIgniter\View\View->render('generate_report', Array, true)
#5 D:\XAMPP\htdocs\System\app\Controllers\Generate_report.php(15): view('generate_report')
#6 D:\XAMPP\htdocs\System\system\CodeIgniter.php(832): App\Controllers\Generate_report->index()
#7 D:\XAMPP\htdocs\System\system\CodeIgniter.php(419): CodeIgniter\CodeIgniter->runController(Object(App\Controllers\Generate_report))
#8 D:\XAMPP\htdocs\System\system\CodeIgniter.php(326): CodeIgniter\CodeIgniter->handleRequest(NULL, Object(Config\Cache), false)
#9 D:\XAMPP\htdocs\System\public\index.php(37): CodeIgniter\CodeIgniter->run()
#10 {main}
CRITICAL - 2023-03-09 19:29:05 --> require_once(var/www/Classes/PHPExcel/PHPExcel.php): Failed to open stream: No such file or directory
#0 D:\XAMPP\htdocs\System\app\Views\generate_report.php(34): CodeIgniter\Debug\Exceptions->errorHandler(2, 'require_once(va...', 'D:\\XAMPP\\htdocs...', 34)
#1 D:\XAMPP\htdocs\System\app\Views\generate_report.php(34): require_once()
#2 D:\XAMPP\htdocs\System\system\View\View.php(210): include('D:\\XAMPP\\htdocs...')
#3 D:\XAMPP\htdocs\System\system\View\View.php(213): CodeIgniter\View\View->CodeIgniter\View\{closure}()
#4 D:\XAMPP\htdocs\System\system\Common.php(1089): CodeIgniter\View\View->render('generate_report', Array, true)
#5 D:\XAMPP\htdocs\System\app\Controllers\Generate_report.php(15): view('generate_report')
#6 D:\XAMPP\htdocs\System\system\CodeIgniter.php(832): App\Controllers\Generate_report->index()
#7 D:\XAMPP\htdocs\System\system\CodeIgniter.php(419): CodeIgniter\CodeIgniter->runController(Object(App\Controllers\Generate_report))
#8 D:\XAMPP\htdocs\System\system\CodeIgniter.php(326): CodeIgniter\CodeIgniter->handleRequest(NULL, Object(Config\Cache), false)
#9 D:\XAMPP\htdocs\System\public\index.php(37): CodeIgniter\CodeIgniter->run()
#10 {main}
CRITICAL - 2023-03-09 19:30:54 --> require(D:\XAMPP\htdocs\System\app\Views/PHPExcel/Autoloader.php): Failed to open stream: No such file or directory
#0 D:\XAMPP\htdocs\System\app\Views\PHPExcel.php(6): CodeIgniter\Debug\Exceptions->errorHandler(2, 'require(D:\\XAMP...', 'D:\\XAMPP\\htdocs...', 6)
#1 D:\XAMPP\htdocs\System\app\Views\PHPExcel.php(6): require()
#2 D:\XAMPP\htdocs\System\app\Views\generate_report.php(34): require_once('D:\\XAMPP\\htdocs...')
#3 D:\XAMPP\htdocs\System\system\View\View.php(210): include('D:\\XAMPP\\htdocs...')
#4 D:\XAMPP\htdocs\System\system\View\View.php(213): CodeIgniter\View\View->CodeIgniter\View\{closure}()
#5 D:\XAMPP\htdocs\System\system\Common.php(1089): CodeIgniter\View\View->render('generate_report', Array, true)
#6 D:\XAMPP\htdocs\System\app\Controllers\Generate_report.php(15): view('generate_report')
#7 D:\XAMPP\htdocs\System\system\CodeIgniter.php(832): App\Controllers\Generate_report->index()
#8 D:\XAMPP\htdocs\System\system\CodeIgniter.php(419): CodeIgniter\CodeIgniter->runController(Object(App\Controllers\Generate_report))
#9 D:\XAMPP\htdocs\System\system\CodeIgniter.php(326): CodeIgniter\CodeIgniter->handleRequest(NULL, Object(Config\Cache), false)
#10 D:\XAMPP\htdocs\System\public\index.php(37): CodeIgniter\CodeIgniter->run()
#11 {main}
CRITICAL - 2023-03-09 19:32:14 --> require(D:\XAMPP\htdocs\System\app\Views/PHPExcel/Autoloader.php): Failed to open stream: No such file or directory
#0 D:\XAMPP\htdocs\System\app\Views\PHPExcel.php(6): CodeIgniter\Debug\Exceptions->errorHandler(2, 'require(D:\\XAMP...', 'D:\\XAMPP\\htdocs...', 6)
#1 D:\XAMPP\htdocs\System\app\Views\PHPExcel.php(6): require()
#2 D:\XAMPP\htdocs\System\app\Views\generate_report.php(34): require_once('D:\\XAMPP\\htdocs...')
#3 D:\XAMPP\htdocs\System\system\View\View.php(210): include('D:\\XAMPP\\htdocs...')
#4 D:\XAMPP\htdocs\System\system\View\View.php(213): CodeIgniter\View\View->CodeIgniter\View\{closure}()
#5 D:\XAMPP\htdocs\System\system\Common.php(1089): CodeIgniter\View\View->render('generate_report', Array, true)
#6 D:\XAMPP\htdocs\System\app\Controllers\Generate_report.php(15): view('generate_report')
#7 D:\XAMPP\htdocs\System\system\CodeIgniter.php(832): App\Controllers\Generate_report->index()
#8 D:\XAMPP\htdocs\System\system\CodeIgniter.php(419): CodeIgniter\CodeIgniter->runController(Object(App\Controllers\Generate_report))
#9 D:\XAMPP\htdocs\System\system\CodeIgniter.php(326): CodeIgniter\CodeIgniter->handleRequest(NULL, Object(Config\Cache), false)
#10 D:\XAMPP\htdocs\System\public\index.php(37): CodeIgniter\CodeIgniter->run()
#11 {main}
CRITICAL - 2023-03-09 19:32:29 --> require_once(PHPExcel.php): Failed to open stream: No such file or directory
#0 D:\XAMPP\htdocs\System\app\Views\generate_report.php(34): CodeIgniter\Debug\Exceptions->errorHandler(2, 'require_once(PH...', 'D:\\XAMPP\\htdocs...', 34)
#1 D:\XAMPP\htdocs\System\app\Views\generate_report.php(34): require_once()
#2 D:\XAMPP\htdocs\System\system\View\View.php(210): include('D:\\XAMPP\\htdocs...')
#3 D:\XAMPP\htdocs\System\system\View\View.php(213): CodeIgniter\View\View->CodeIgniter\View\{closure}()
#4 D:\XAMPP\htdocs\System\system\Common.php(1089): CodeIgniter\View\View->render('generate_report', Array, true)
#5 D:\XAMPP\htdocs\System\app\Controllers\Generate_report.php(15): view('generate_report')
#6 D:\XAMPP\htdocs\System\system\CodeIgniter.php(832): App\Controllers\Generate_report->index()
#7 D:\XAMPP\htdocs\System\system\CodeIgniter.php(419): CodeIgniter\CodeIgniter->runController(Object(App\Controllers\Generate_report))
#8 D:\XAMPP\htdocs\System\system\CodeIgniter.php(326): CodeIgniter\CodeIgniter->handleRequest(NULL, Object(Config\Cache), false)
#9 D:\XAMPP\htdocs\System\public\index.php(37): CodeIgniter\CodeIgniter->run()
#10 {main}
CRITICAL - 2023-03-09 19:33:04 --> require(D:\XAMPP\htdocs\System\app\Views/PHPExcel/Autoloader.php): Failed to open stream: No such file or directory
#0 D:\XAMPP\htdocs\System\app\Views\PHPExcel.php(6): CodeIgniter\Debug\Exceptions->errorHandler(2, 'require(D:\\XAMP...', 'D:\\XAMPP\\htdocs...', 6)
#1 D:\XAMPP\htdocs\System\app\Views\PHPExcel.php(6): require()
#2 D:\XAMPP\htdocs\System\app\Views\generate_report.php(34): require_once('D:\\XAMPP\\htdocs...')
#3 D:\XAMPP\htdocs\System\system\View\View.php(210): include('D:\\XAMPP\\htdocs...')
#4 D:\XAMPP\htdocs\System\system\View\View.php(213): CodeIgniter\View\View->CodeIgniter\View\{closure}()
#5 D:\XAMPP\htdocs\System\system\Common.php(1089): CodeIgniter\View\View->render('generate_report', Array, true)
#6 D:\XAMPP\htdocs\System\app\Controllers\Generate_report.php(15): view('generate_report')
#7 D:\XAMPP\htdocs\System\system\CodeIgniter.php(832): App\Controllers\Generate_report->index()
#8 D:\XAMPP\htdocs\System\system\CodeIgniter.php(419): CodeIgniter\CodeIgniter->runController(Object(App\Controllers\Generate_report))
#9 D:\XAMPP\htdocs\System\system\CodeIgniter.php(326): CodeIgniter\CodeIgniter->handleRequest(NULL, Object(Config\Cache), false)
#10 D:\XAMPP\htdocs\System\public\index.php(37): CodeIgniter\CodeIgniter->run()
#11 {main}
