CRITICAL - 2022-10-09 06:59:29 --> Unclosed '{' on line 21
#0 D:\XAMPP\htdocs\System\system\View\View.php(213): CodeIgniter\View\View->CodeIgniter\View\{closure}()
#1 D:\XAMPP\htdocs\System\system\Common.php(1089): CodeIgniter\View\View->render('main', Array, true)
#2 D:\XAMPP\htdocs\System\app\Controllers\Home.php(13): view('main')
#3 D:\XAMPP\htdocs\System\system\CodeIgniter.php(832): App\Controllers\Home->index()
#4 D:\XAMPP\htdocs\System\system\CodeIgniter.php(419): CodeIgniter\CodeIgniter->runController(Object(App\Controllers\Home))
#5 D:\XAMPP\htdocs\System\system\CodeIgniter.php(326): CodeIgniter\CodeIgniter->handleRequest(NULL, Object(Config\Cache), false)
#6 D:\XAMPP\htdocs\System\public\index.php(37): CodeIgniter\CodeIgniter->run()
#7 {main}
CRITICAL - 2022-10-09 07:36:31 --> include(Login): Failed to open stream: No such file or directory
#0 D:\XAMPP\htdocs\System\app\Views\main.php(2): CodeIgniter\Debug\Exceptions->errorHandler(2, 'include(Login):...', 'D:\\XAMPP\\htdocs...', 2)
#1 D:\XAMPP\htdocs\System\app\Views\main.php(2): include()
#2 D:\XAMPP\htdocs\System\system\View\View.php(210): include('D:\\XAMPP\\htdocs...')
#3 D:\XAMPP\htdocs\System\system\View\View.php(213): CodeIgniter\View\View->CodeIgniter\View\{closure}()
#4 D:\XAMPP\htdocs\System\system\Common.php(1089): CodeIgniter\View\View->render('main', Array, true)
#5 D:\XAMPP\htdocs\System\app\Controllers\Home.php(13): view('main')
#6 D:\XAMPP\htdocs\System\system\CodeIgniter.php(832): App\Controllers\Home->index()
#7 D:\XAMPP\htdocs\System\system\CodeIgniter.php(419): CodeIgniter\CodeIgniter->runController(Object(App\Controllers\Home))
#8 D:\XAMPP\htdocs\System\system\CodeIgniter.php(326): CodeIgniter\CodeIgniter->handleRequest(NULL, Object(Config\Cache), false)
#9 D:\XAMPP\htdocs\System\public\index.php(37): CodeIgniter\CodeIgniter->run()
#10 {main}
CRITICAL - 2022-10-09 07:38:38 --> include(Users): Failed to open stream: No such file or directory
#0 D:\XAMPP\htdocs\System\app\Views\main.php(2): CodeIgniter\Debug\Exceptions->errorHandler(2, 'include(Users):...', 'D:\\XAMPP\\htdocs...', 2)
#1 D:\XAMPP\htdocs\System\app\Views\main.php(2): include()
#2 D:\XAMPP\htdocs\System\system\View\View.php(210): include('D:\\XAMPP\\htdocs...')
#3 D:\XAMPP\htdocs\System\system\View\View.php(213): CodeIgniter\View\View->CodeIgniter\View\{closure}()
#4 D:\XAMPP\htdocs\System\system\Common.php(1089): CodeIgniter\View\View->render('main', Array, true)
#5 D:\XAMPP\htdocs\System\app\Controllers\Home.php(13): view('main')
#6 D:\XAMPP\htdocs\System\system\CodeIgniter.php(832): App\Controllers\Home->index()
#7 D:\XAMPP\htdocs\System\system\CodeIgniter.php(419): CodeIgniter\CodeIgniter->runController(Object(App\Controllers\Home))
#8 D:\XAMPP\htdocs\System\system\CodeIgniter.php(326): CodeIgniter\CodeIgniter->handleRequest(NULL, Object(Config\Cache), false)
#9 D:\XAMPP\htdocs\System\public\index.php(37): CodeIgniter\CodeIgniter->run()
#10 {main}
CRITICAL - 2022-10-09 07:38:47 --> include(Users.php): Failed to open stream: No such file or directory
#0 D:\XAMPP\htdocs\System\app\Views\main.php(2): CodeIgniter\Debug\Exceptions->errorHandler(2, 'include(Users.p...', 'D:\\XAMPP\\htdocs...', 2)
#1 D:\XAMPP\htdocs\System\app\Views\main.php(2): include()
#2 D:\XAMPP\htdocs\System\system\View\View.php(210): include('D:\\XAMPP\\htdocs...')
#3 D:\XAMPP\htdocs\System\system\View\View.php(213): CodeIgniter\View\View->CodeIgniter\View\{closure}()
#4 D:\XAMPP\htdocs\System\system\Common.php(1089): CodeIgniter\View\View->render('main', Array, true)
#5 D:\XAMPP\htdocs\System\app\Controllers\Home.php(13): view('main')
#6 D:\XAMPP\htdocs\System\system\CodeIgniter.php(832): App\Controllers\Home->index()
#7 D:\XAMPP\htdocs\System\system\CodeIgniter.php(419): CodeIgniter\CodeIgniter->runController(Object(App\Controllers\Home))
#8 D:\XAMPP\htdocs\System\system\CodeIgniter.php(326): CodeIgniter\CodeIgniter->handleRequest(NULL, Object(Config\Cache), false)
#9 D:\XAMPP\htdocs\System\public\index.php(37): CodeIgniter\CodeIgniter->run()
#10 {main}
CRITICAL - 2022-10-09 07:38:48 --> include(Users.php): Failed to open stream: No such file or directory
#0 D:\XAMPP\htdocs\System\app\Views\main.php(2): CodeIgniter\Debug\Exceptions->errorHandler(2, 'include(Users.p...', 'D:\\XAMPP\\htdocs...', 2)
#1 D:\XAMPP\htdocs\System\app\Views\main.php(2): include()
#2 D:\XAMPP\htdocs\System\system\View\View.php(210): include('D:\\XAMPP\\htdocs...')
#3 D:\XAMPP\htdocs\System\system\View\View.php(213): CodeIgniter\View\View->CodeIgniter\View\{closure}()
#4 D:\XAMPP\htdocs\System\system\Common.php(1089): CodeIgniter\View\View->render('main', Array, true)
#5 D:\XAMPP\htdocs\System\app\Controllers\Home.php(13): view('main')
#6 D:\XAMPP\htdocs\System\system\CodeIgniter.php(832): App\Controllers\Home->index()
#7 D:\XAMPP\htdocs\System\system\CodeIgniter.php(419): CodeIgniter\CodeIgniter->runController(Object(App\Controllers\Home))
#8 D:\XAMPP\htdocs\System\system\CodeIgniter.php(326): CodeIgniter\CodeIgniter->handleRequest(NULL, Object(Config\Cache), false)
#9 D:\XAMPP\htdocs\System\public\index.php(37): CodeIgniter\CodeIgniter->run()
#10 {main}
CRITICAL - 2022-10-09 07:39:00 --> include(../Users.php): Failed to open stream: No such file or directory
#0 D:\XAMPP\htdocs\System\app\Views\main.php(2): CodeIgniter\Debug\Exceptions->errorHandler(2, 'include(../User...', 'D:\\XAMPP\\htdocs...', 2)
#1 D:\XAMPP\htdocs\System\app\Views\main.php(2): include()
#2 D:\XAMPP\htdocs\System\system\View\View.php(210): include('D:\\XAMPP\\htdocs...')
#3 D:\XAMPP\htdocs\System\system\View\View.php(213): CodeIgniter\View\View->CodeIgniter\View\{closure}()
#4 D:\XAMPP\htdocs\System\system\Common.php(1089): CodeIgniter\View\View->render('main', Array, true)
#5 D:\XAMPP\htdocs\System\app\Controllers\Home.php(13): view('main')
#6 D:\XAMPP\htdocs\System\system\CodeIgniter.php(832): App\Controllers\Home->index()
#7 D:\XAMPP\htdocs\System\system\CodeIgniter.php(419): CodeIgniter\CodeIgniter->runController(Object(App\Controllers\Home))
#8 D:\XAMPP\htdocs\System\system\CodeIgniter.php(326): CodeIgniter\CodeIgniter->handleRequest(NULL, Object(Config\Cache), false)
#9 D:\XAMPP\htdocs\System\public\index.php(37): CodeIgniter\CodeIgniter->run()
#10 {main}
CRITICAL - 2022-10-09 07:39:05 --> include(../Users): Failed to open stream: No such file or directory
#0 D:\XAMPP\htdocs\System\app\Views\main.php(2): CodeIgniter\Debug\Exceptions->errorHandler(2, 'include(../User...', 'D:\\XAMPP\\htdocs...', 2)
#1 D:\XAMPP\htdocs\System\app\Views\main.php(2): include()
#2 D:\XAMPP\htdocs\System\system\View\View.php(210): include('D:\\XAMPP\\htdocs...')
#3 D:\XAMPP\htdocs\System\system\View\View.php(213): CodeIgniter\View\View->CodeIgniter\View\{closure}()
#4 D:\XAMPP\htdocs\System\system\Common.php(1089): CodeIgniter\View\View->render('main', Array, true)
#5 D:\XAMPP\htdocs\System\app\Controllers\Home.php(13): view('main')
#6 D:\XAMPP\htdocs\System\system\CodeIgniter.php(832): App\Controllers\Home->index()
#7 D:\XAMPP\htdocs\System\system\CodeIgniter.php(419): CodeIgniter\CodeIgniter->runController(Object(App\Controllers\Home))
#8 D:\XAMPP\htdocs\System\system\CodeIgniter.php(326): CodeIgniter\CodeIgniter->handleRequest(NULL, Object(Config\Cache), false)
#9 D:\XAMPP\htdocs\System\public\index.php(37): CodeIgniter\CodeIgniter->run()
#10 {main}
CRITICAL - 2022-10-09 07:39:11 --> include(./Users): Failed to open stream: No such file or directory
#0 D:\XAMPP\htdocs\System\app\Views\main.php(2): CodeIgniter\Debug\Exceptions->errorHandler(2, 'include(./Users...', 'D:\\XAMPP\\htdocs...', 2)
#1 D:\XAMPP\htdocs\System\app\Views\main.php(2): include()
#2 D:\XAMPP\htdocs\System\system\View\View.php(210): include('D:\\XAMPP\\htdocs...')
#3 D:\XAMPP\htdocs\System\system\View\View.php(213): CodeIgniter\View\View->CodeIgniter\View\{closure}()
#4 D:\XAMPP\htdocs\System\system\Common.php(1089): CodeIgniter\View\View->render('main', Array, true)
#5 D:\XAMPP\htdocs\System\app\Controllers\Home.php(13): view('main')
#6 D:\XAMPP\htdocs\System\system\CodeIgniter.php(832): App\Controllers\Home->index()
#7 D:\XAMPP\htdocs\System\system\CodeIgniter.php(419): CodeIgniter\CodeIgniter->runController(Object(App\Controllers\Home))
#8 D:\XAMPP\htdocs\System\system\CodeIgniter.php(326): CodeIgniter\CodeIgniter->handleRequest(NULL, Object(Config\Cache), false)
#9 D:\XAMPP\htdocs\System\public\index.php(37): CodeIgniter\CodeIgniter->run()
#10 {main}
CRITICAL - 2022-10-09 07:39:16 --> include(/Users): Failed to open stream: No such file or directory
#0 D:\XAMPP\htdocs\System\app\Views\main.php(2): CodeIgniter\Debug\Exceptions->errorHandler(2, 'include(/Users)...', 'D:\\XAMPP\\htdocs...', 2)
#1 D:\XAMPP\htdocs\System\app\Views\main.php(2): include()
#2 D:\XAMPP\htdocs\System\system\View\View.php(210): include('D:\\XAMPP\\htdocs...')
#3 D:\XAMPP\htdocs\System\system\View\View.php(213): CodeIgniter\View\View->CodeIgniter\View\{closure}()
#4 D:\XAMPP\htdocs\System\system\Common.php(1089): CodeIgniter\View\View->render('main', Array, true)
#5 D:\XAMPP\htdocs\System\app\Controllers\Home.php(13): view('main')
#6 D:\XAMPP\htdocs\System\system\CodeIgniter.php(832): App\Controllers\Home->index()
#7 D:\XAMPP\htdocs\System\system\CodeIgniter.php(419): CodeIgniter\CodeIgniter->runController(Object(App\Controllers\Home))
#8 D:\XAMPP\htdocs\System\system\CodeIgniter.php(326): CodeIgniter\CodeIgniter->handleRequest(NULL, Object(Config\Cache), false)
#9 D:\XAMPP\htdocs\System\public\index.php(37): CodeIgniter\CodeIgniter->run()
#10 {main}
CRITICAL - 2022-10-09 07:41:50 --> include(/Users): Failed to open stream: No such file or directory
#0 D:\XAMPP\htdocs\System\app\Views\main.php(2): CodeIgniter\Debug\Exceptions->errorHandler(2, 'include(/Users)...', 'D:\\XAMPP\\htdocs...', 2)
#1 D:\XAMPP\htdocs\System\app\Views\main.php(2): include()
#2 D:\XAMPP\htdocs\System\system\View\View.php(210): include('D:\\XAMPP\\htdocs...')
#3 D:\XAMPP\htdocs\System\system\View\View.php(213): CodeIgniter\View\View->CodeIgniter\View\{closure}()
#4 D:\XAMPP\htdocs\System\system\Common.php(1089): CodeIgniter\View\View->render('main', Array, true)
#5 D:\XAMPP\htdocs\System\app\Controllers\Home.php(13): view('main')
#6 D:\XAMPP\htdocs\System\system\CodeIgniter.php(832): App\Controllers\Home->index()
#7 D:\XAMPP\htdocs\System\system\CodeIgniter.php(419): CodeIgniter\CodeIgniter->runController(Object(App\Controllers\Home))
#8 D:\XAMPP\htdocs\System\system\CodeIgniter.php(326): CodeIgniter\CodeIgniter->handleRequest(NULL, Object(Config\Cache), false)
#9 D:\XAMPP\htdocs\System\public\index.php(37): CodeIgniter\CodeIgniter->run()
#10 {main}
CRITICAL - 2022-10-09 09:44:46 --> Undefined global variable $_SESSION
#0 D:\XAMPP\htdocs\System\app\Views\main.php(43): CodeIgniter\Debug\Exceptions->errorHandler(2, 'Undefined globa...', 'D:\\XAMPP\\htdocs...', 43)
#1 D:\XAMPP\htdocs\System\system\View\View.php(210): include('D:\\XAMPP\\htdocs...')
#2 D:\XAMPP\htdocs\System\system\View\View.php(213): CodeIgniter\View\View->CodeIgniter\View\{closure}()
#3 D:\XAMPP\htdocs\System\system\Common.php(1089): CodeIgniter\View\View->render('main', Array, true)
#4 D:\XAMPP\htdocs\System\app\Controllers\Home.php(13): view('main')
#5 D:\XAMPP\htdocs\System\system\CodeIgniter.php(832): App\Controllers\Home->index()
#6 D:\XAMPP\htdocs\System\system\CodeIgniter.php(419): CodeIgniter\CodeIgniter->runController(Object(App\Controllers\Home))
#7 D:\XAMPP\htdocs\System\system\CodeIgniter.php(326): CodeIgniter\CodeIgniter->handleRequest(NULL, Object(Config\Cache), false)
#8 D:\XAMPP\htdocs\System\public\index.php(37): CodeIgniter\CodeIgniter->run()
#9 {main}
CRITICAL - 2022-10-09 22:36:45 --> Undefined variable $row
#0 D:\XAMPP\htdocs\System\app\Views\inventory_A.php(196): CodeIgniter\Debug\Exceptions->errorHandler(2, 'Undefined varia...', 'D:\\XAMPP\\htdocs...', 196)
#1 D:\XAMPP\htdocs\System\system\View\View.php(210): include('D:\\XAMPP\\htdocs...')
#2 D:\XAMPP\htdocs\System\system\View\View.php(213): CodeIgniter\View\View->CodeIgniter\View\{closure}()
#3 D:\XAMPP\htdocs\System\system\Common.php(1089): CodeIgniter\View\View->render('inventory_A', Array, true)
#4 D:\XAMPP\htdocs\System\app\Controllers\BranchA.php(11): view('inventory_A')
#5 D:\XAMPP\htdocs\System\system\CodeIgniter.php(832): App\Controllers\BranchA->index()
#6 D:\XAMPP\htdocs\System\system\CodeIgniter.php(419): CodeIgniter\CodeIgniter->runController(Object(App\Controllers\BranchA))
#7 D:\XAMPP\htdocs\System\system\CodeIgniter.php(326): CodeIgniter\CodeIgniter->handleRequest(NULL, Object(Config\Cache), false)
#8 D:\XAMPP\htdocs\System\public\index.php(37): CodeIgniter\CodeIgniter->run()
#9 {main}
CRITICAL - 2022-10-09 22:45:19 --> Unclosed '{' on line 220
#0 D:\XAMPP\htdocs\System\system\View\View.php(213): CodeIgniter\View\View->CodeIgniter\View\{closure}()
#1 D:\XAMPP\htdocs\System\system\Common.php(1089): CodeIgniter\View\View->render('inventory_A', Array, true)
#2 D:\XAMPP\htdocs\System\app\Controllers\BranchA.php(11): view('inventory_A')
#3 D:\XAMPP\htdocs\System\system\CodeIgniter.php(832): App\Controllers\BranchA->index()
#4 D:\XAMPP\htdocs\System\system\CodeIgniter.php(419): CodeIgniter\CodeIgniter->runController(Object(App\Controllers\BranchA))
#5 D:\XAMPP\htdocs\System\system\CodeIgniter.php(326): CodeIgniter\CodeIgniter->handleRequest(NULL, Object(Config\Cache), false)
#6 D:\XAMPP\htdocs\System\public\index.php(37): CodeIgniter\CodeIgniter->run()
#7 {main}
