CRITICAL - 2022-11-24 10:00:45 --> Column count doesn't match value count at row 1
#0 D:\XAMPP\htdocs\System\app\Views\add_acc.php(16): mysqli_query(Object(mysqli), 'INSERT INTO acc...')
#1 D:\XAMPP\htdocs\System\system\View\View.php(210): include('D:\\XAMPP\\htdocs...')
#2 D:\XAMPP\htdocs\System\system\View\View.php(213): CodeIgniter\View\View->CodeIgniter\View\{closure}()
#3 D:\XAMPP\htdocs\System\system\Common.php(1089): CodeIgniter\View\View->render('add_acc', Array, true)
#4 D:\XAMPP\htdocs\System\app\Controllers\Add_acc.php(11): view('add_acc')
#5 D:\XAMPP\htdocs\System\system\CodeIgniter.php(832): App\Controllers\Add_acc->index()
#6 D:\XAMPP\htdocs\System\system\CodeIgniter.php(419): CodeIgniter\CodeIgniter->runController(Object(App\Controllers\Add_acc))
#7 D:\XAMPP\htdocs\System\system\CodeIgniter.php(326): CodeIgniter\CodeIgniter->handleRequest(NULL, Object(Config\Cache), false)
#8 D:\XAMPP\htdocs\System\public\index.php(37): CodeIgniter\CodeIgniter->run()
#9 {main}
CRITICAL - 2022-11-24 10:15:46 --> Undefined array key "Product"
#0 D:\XAMPP\htdocs\System\app\Views\accounts.php(87): CodeIgniter\Debug\Exceptions->errorHandler(2, 'Undefined array...', 'D:\\XAMPP\\htdocs...', 87)
#1 D:\XAMPP\htdocs\System\system\View\View.php(210): include('D:\\XAMPP\\htdocs...')
#2 D:\XAMPP\htdocs\System\system\View\View.php(213): CodeIgniter\View\View->CodeIgniter\View\{closure}()
#3 D:\XAMPP\htdocs\System\system\Common.php(1089): CodeIgniter\View\View->render('accounts', Array, true)
#4 D:\XAMPP\htdocs\System\app\Controllers\Accounts.php(11): view('accounts')
#5 D:\XAMPP\htdocs\System\system\CodeIgniter.php(832): App\Controllers\Accounts->index()
#6 D:\XAMPP\htdocs\System\system\CodeIgniter.php(419): CodeIgniter\CodeIgniter->runController(Object(App\Controllers\Accounts))
#7 D:\XAMPP\htdocs\System\system\CodeIgniter.php(326): CodeIgniter\CodeIgniter->handleRequest(NULL, Object(Config\Cache), false)
#8 D:\XAMPP\htdocs\System\public\index.php(37): CodeIgniter\CodeIgniter->run()
#9 {main}
