CRITICAL - 2022-10-10 02:38:14 --> session_start(): Ignoring session_start() because a session is already active
#0 [internal function]: CodeIgniter\Debug\Exceptions->errorHandler(8, 'session_start()...', 'D:\\XAMPP\\htdocs...', 5)
#1 D:\XAMPP\htdocs\System\app\Views\user_login.php(5): session_start()
#2 D:\XAMPP\htdocs\System\app\Views\main.php(9): include('D:\\XAMPP\\htdocs...')
#3 D:\XAMPP\htdocs\System\system\View\View.php(210): include('D:\\XAMPP\\htdocs...')
#4 D:\XAMPP\htdocs\System\system\View\View.php(213): CodeIgniter\View\View->CodeIgniter\View\{closure}()
#5 D:\XAMPP\htdocs\System\system\Common.php(1089): CodeIgniter\View\View->render('main', Array, true)
#6 D:\XAMPP\htdocs\System\app\Controllers\Home.php(13): view('main')
#7 D:\XAMPP\htdocs\System\system\CodeIgniter.php(832): App\Controllers\Home->index()
#8 D:\XAMPP\htdocs\System\system\CodeIgniter.php(419): CodeIgniter\CodeIgniter->runController(Object(App\Controllers\Home))
#9 D:\XAMPP\htdocs\System\system\CodeIgniter.php(326): CodeIgniter\CodeIgniter->handleRequest(NULL, Object(Config\Cache), false)
#10 D:\XAMPP\htdocs\System\public\index.php(37): CodeIgniter\CodeIgniter->run()
#11 {main}
CRITICAL - 2022-10-10 06:55:49 --> Undefined array key "firstname"
#0 D:\XAMPP\htdocs\System\app\Views\main.php(36): CodeIgniter\Debug\Exceptions->errorHandler(2, 'Undefined array...', 'D:\\XAMPP\\htdocs...', 36)
#1 D:\XAMPP\htdocs\System\system\View\View.php(210): include('D:\\XAMPP\\htdocs...')
#2 D:\XAMPP\htdocs\System\system\View\View.php(213): CodeIgniter\View\View->CodeIgniter\View\{closure}()
#3 D:\XAMPP\htdocs\System\system\Common.php(1089): CodeIgniter\View\View->render('main', Array, true)
#4 D:\XAMPP\htdocs\System\app\Controllers\Home.php(13): view('main')
#5 D:\XAMPP\htdocs\System\system\CodeIgniter.php(832): App\Controllers\Home->index()
#6 D:\XAMPP\htdocs\System\system\CodeIgniter.php(419): CodeIgniter\CodeIgniter->runController(Object(App\Controllers\Home))
#7 D:\XAMPP\htdocs\System\system\CodeIgniter.php(326): CodeIgniter\CodeIgniter->handleRequest(NULL, Object(Config\Cache), false)
#8 D:\XAMPP\htdocs\System\public\index.php(37): CodeIgniter\CodeIgniter->run()
#9 {main}
CRITICAL - 2022-10-10 06:56:05 --> Undefined array key "firstname"
#0 D:\XAMPP\htdocs\System\app\Views\main.php(36): CodeIgniter\Debug\Exceptions->errorHandler(2, 'Undefined array...', 'D:\\XAMPP\\htdocs...', 36)
#1 D:\XAMPP\htdocs\System\system\View\View.php(210): include('D:\\XAMPP\\htdocs...')
#2 D:\XAMPP\htdocs\System\system\View\View.php(213): CodeIgniter\View\View->CodeIgniter\View\{closure}()
#3 D:\XAMPP\htdocs\System\system\Common.php(1089): CodeIgniter\View\View->render('main', Array, true)
#4 D:\XAMPP\htdocs\System\app\Controllers\Home.php(13): view('main')
#5 D:\XAMPP\htdocs\System\system\CodeIgniter.php(832): App\Controllers\Home->index()
#6 D:\XAMPP\htdocs\System\system\CodeIgniter.php(419): CodeIgniter\CodeIgniter->runController(Object(App\Controllers\Home))
#7 D:\XAMPP\htdocs\System\system\CodeIgniter.php(326): CodeIgniter\CodeIgniter->handleRequest(NULL, Object(Config\Cache), false)
#8 D:\XAMPP\htdocs\System\public\index.php(37): CodeIgniter\CodeIgniter->run()
#9 {main}
CRITICAL - 2022-10-10 06:57:08 --> Undefined array key "firstname"
#0 D:\XAMPP\htdocs\System\app\Views\main.php(36): CodeIgniter\Debug\Exceptions->errorHandler(2, 'Undefined array...', 'D:\\XAMPP\\htdocs...', 36)
#1 D:\XAMPP\htdocs\System\system\View\View.php(210): include('D:\\XAMPP\\htdocs...')
#2 D:\XAMPP\htdocs\System\system\View\View.php(213): CodeIgniter\View\View->CodeIgniter\View\{closure}()
#3 D:\XAMPP\htdocs\System\system\Common.php(1089): CodeIgniter\View\View->render('main', Array, true)
#4 D:\XAMPP\htdocs\System\app\Controllers\Home.php(13): view('main')
#5 D:\XAMPP\htdocs\System\system\CodeIgniter.php(832): App\Controllers\Home->index()
#6 D:\XAMPP\htdocs\System\system\CodeIgniter.php(419): CodeIgniter\CodeIgniter->runController(Object(App\Controllers\Home))
#7 D:\XAMPP\htdocs\System\system\CodeIgniter.php(326): CodeIgniter\CodeIgniter->handleRequest(NULL, Object(Config\Cache), false)
#8 D:\XAMPP\htdocs\System\public\index.php(37): CodeIgniter\CodeIgniter->run()
#9 {main}
