CRITICAL - 2022-11-08 06:40:40 --> session_start(): Ignoring session_start() because a session is already active
#0 [internal function]: CodeIgniter\Debug\Exceptions->errorHandler(8, 'session_start()...', 'D:\\XAMPP\\htdocs...', 2)
#1 D:\XAMPP\htdocs\System\app\Views\user_login.php(2): session_start()
#2 D:\XAMPP\htdocs\System\app\Views\main.php(5): require('D:\\XAMPP\\htdocs...')
#3 D:\XAMPP\htdocs\System\system\View\View.php(210): include('D:\\XAMPP\\htdocs...')
#4 D:\XAMPP\htdocs\System\system\View\View.php(213): CodeIgniter\View\View->CodeIgniter\View\{closure}()
#5 D:\XAMPP\htdocs\System\system\Common.php(1089): CodeIgniter\View\View->render('main', Array, true)
#6 D:\XAMPP\htdocs\System\app\Controllers\Home.php(13): view('main')
#7 D:\XAMPP\htdocs\System\system\CodeIgniter.php(832): App\Controllers\Home->index()
#8 D:\XAMPP\htdocs\System\system\CodeIgniter.php(419): CodeIgniter\CodeIgniter->runController(Object(App\Controllers\Home))
#9 D:\XAMPP\htdocs\System\system\CodeIgniter.php(326): CodeIgniter\CodeIgniter->handleRequest(NULL, Object(Config\Cache), false)
#10 D:\XAMPP\htdocs\System\public\index.php(37): CodeIgniter\CodeIgniter->run()
#11 {main}
CRITICAL - 2022-11-08 09:36:50 --> Undefined array key "id"
#0 D:\XAMPP\htdocs\System\app\Views\sent_AB.php(7): CodeIgniter\Debug\Exceptions->errorHandler(2, 'Undefined array...', 'D:\\XAMPP\\htdocs...', 7)
#1 D:\XAMPP\htdocs\System\system\View\View.php(210): include('D:\\XAMPP\\htdocs...')
#2 D:\XAMPP\htdocs\System\system\View\View.php(213): CodeIgniter\View\View->CodeIgniter\View\{closure}()
#3 D:\XAMPP\htdocs\System\system\Common.php(1089): CodeIgniter\View\View->render('sent_AB', Array, true)
#4 D:\XAMPP\htdocs\System\app\Controllers\Sent_AB.php(15): view('sent_AB')
#5 D:\XAMPP\htdocs\System\system\CodeIgniter.php(832): App\Controllers\Sent_AB->index()
#6 D:\XAMPP\htdocs\System\system\CodeIgniter.php(419): CodeIgniter\CodeIgniter->runController(Object(App\Controllers\Sent_AB))
#7 D:\XAMPP\htdocs\System\system\CodeIgniter.php(326): CodeIgniter\CodeIgniter->handleRequest(NULL, Object(Config\Cache), false)
#8 D:\XAMPP\htdocs\System\public\index.php(37): CodeIgniter\CodeIgniter->run()
#9 {main}
CRITICAL - 2022-11-08 09:37:10 --> Undefined array key "Product"
#0 D:\XAMPP\htdocs\System\app\Views\sent_AB.php(9): CodeIgniter\Debug\Exceptions->errorHandler(2, 'Undefined array...', 'D:\\XAMPP\\htdocs...', 9)
#1 D:\XAMPP\htdocs\System\system\View\View.php(210): include('D:\\XAMPP\\htdocs...')
#2 D:\XAMPP\htdocs\System\system\View\View.php(213): CodeIgniter\View\View->CodeIgniter\View\{closure}()
#3 D:\XAMPP\htdocs\System\system\Common.php(1089): CodeIgniter\View\View->render('sent_AB', Array, true)
#4 D:\XAMPP\htdocs\System\app\Controllers\Sent_AB.php(15): view('sent_AB')
#5 D:\XAMPP\htdocs\System\system\CodeIgniter.php(832): App\Controllers\Sent_AB->index()
#6 D:\XAMPP\htdocs\System\system\CodeIgniter.php(419): CodeIgniter\CodeIgniter->runController(Object(App\Controllers\Sent_AB))
#7 D:\XAMPP\htdocs\System\system\CodeIgniter.php(326): CodeIgniter\CodeIgniter->handleRequest(NULL, Object(Config\Cache), false)
#8 D:\XAMPP\htdocs\System\public\index.php(37): CodeIgniter\CodeIgniter->run()
#9 {main}
CRITICAL - 2022-11-08 09:37:24 --> Undefined array key "id"
#0 D:\XAMPP\htdocs\System\app\Views\sent_AB.php(7): CodeIgniter\Debug\Exceptions->errorHandler(2, 'Undefined array...', 'D:\\XAMPP\\htdocs...', 7)
#1 D:\XAMPP\htdocs\System\system\View\View.php(210): include('D:\\XAMPP\\htdocs...')
#2 D:\XAMPP\htdocs\System\system\View\View.php(213): CodeIgniter\View\View->CodeIgniter\View\{closure}()
#3 D:\XAMPP\htdocs\System\system\Common.php(1089): CodeIgniter\View\View->render('sent_AB', Array, true)
#4 D:\XAMPP\htdocs\System\app\Controllers\Sent_AB.php(15): view('sent_AB')
#5 D:\XAMPP\htdocs\System\system\CodeIgniter.php(832): App\Controllers\Sent_AB->index()
#6 D:\XAMPP\htdocs\System\system\CodeIgniter.php(419): CodeIgniter\CodeIgniter->runController(Object(App\Controllers\Sent_AB))
#7 D:\XAMPP\htdocs\System\system\CodeIgniter.php(326): CodeIgniter\CodeIgniter->handleRequest(NULL, Object(Config\Cache), false)
#8 D:\XAMPP\htdocs\System\public\index.php(37): CodeIgniter\CodeIgniter->run()
#9 {main}
CRITICAL - 2022-11-08 09:39:28 --> Undefined array key "id"
#0 D:\XAMPP\htdocs\System\app\Views\sent_AB.php(7): CodeIgniter\Debug\Exceptions->errorHandler(2, 'Undefined array...', 'D:\\XAMPP\\htdocs...', 7)
#1 D:\XAMPP\htdocs\System\system\View\View.php(210): include('D:\\XAMPP\\htdocs...')
#2 D:\XAMPP\htdocs\System\system\View\View.php(213): CodeIgniter\View\View->CodeIgniter\View\{closure}()
#3 D:\XAMPP\htdocs\System\system\Common.php(1089): CodeIgniter\View\View->render('sent_AB', Array, true)
#4 D:\XAMPP\htdocs\System\app\Controllers\Sent_AB.php(15): view('sent_AB')
#5 D:\XAMPP\htdocs\System\system\CodeIgniter.php(832): App\Controllers\Sent_AB->index()
#6 D:\XAMPP\htdocs\System\system\CodeIgniter.php(419): CodeIgniter\CodeIgniter->runController(Object(App\Controllers\Sent_AB))
#7 D:\XAMPP\htdocs\System\system\CodeIgniter.php(326): CodeIgniter\CodeIgniter->handleRequest(NULL, Object(Config\Cache), false)
#8 D:\XAMPP\htdocs\System\public\index.php(37): CodeIgniter\CodeIgniter->run()
#9 {main}
CRITICAL - 2022-11-08 09:39:55 --> Undefined array key "id"
#0 D:\XAMPP\htdocs\System\app\Views\sent_AB.php(7): CodeIgniter\Debug\Exceptions->errorHandler(2, 'Undefined array...', 'D:\\XAMPP\\htdocs...', 7)
#1 D:\XAMPP\htdocs\System\system\View\View.php(210): include('D:\\XAMPP\\htdocs...')
#2 D:\XAMPP\htdocs\System\system\View\View.php(213): CodeIgniter\View\View->CodeIgniter\View\{closure}()
#3 D:\XAMPP\htdocs\System\system\Common.php(1089): CodeIgniter\View\View->render('sent_AB', Array, true)
#4 D:\XAMPP\htdocs\System\app\Controllers\Sent_AB.php(15): view('sent_AB')
#5 D:\XAMPP\htdocs\System\system\CodeIgniter.php(832): App\Controllers\Sent_AB->index()
#6 D:\XAMPP\htdocs\System\system\CodeIgniter.php(419): CodeIgniter\CodeIgniter->runController(Object(App\Controllers\Sent_AB))
#7 D:\XAMPP\htdocs\System\system\CodeIgniter.php(326): CodeIgniter\CodeIgniter->handleRequest(NULL, Object(Config\Cache), false)
#8 D:\XAMPP\htdocs\System\public\index.php(37): CodeIgniter\CodeIgniter->run()
#9 {main}
CRITICAL - 2022-11-08 09:40:18 --> Undefined array key "id"
#0 D:\XAMPP\htdocs\System\app\Views\sent_AB.php(7): CodeIgniter\Debug\Exceptions->errorHandler(2, 'Undefined array...', 'D:\\XAMPP\\htdocs...', 7)
#1 D:\XAMPP\htdocs\System\system\View\View.php(210): include('D:\\XAMPP\\htdocs...')
#2 D:\XAMPP\htdocs\System\system\View\View.php(213): CodeIgniter\View\View->CodeIgniter\View\{closure}()
#3 D:\XAMPP\htdocs\System\system\Common.php(1089): CodeIgniter\View\View->render('sent_AB', Array, true)
#4 D:\XAMPP\htdocs\System\app\Controllers\Sent_AB.php(15): view('sent_AB')
#5 D:\XAMPP\htdocs\System\system\CodeIgniter.php(832): App\Controllers\Sent_AB->index()
#6 D:\XAMPP\htdocs\System\system\CodeIgniter.php(419): CodeIgniter\CodeIgniter->runController(Object(App\Controllers\Sent_AB))
#7 D:\XAMPP\htdocs\System\system\CodeIgniter.php(326): CodeIgniter\CodeIgniter->handleRequest(NULL, Object(Config\Cache), false)
#8 D:\XAMPP\htdocs\System\public\index.php(37): CodeIgniter\CodeIgniter->run()
#9 {main}
CRITICAL - 2022-11-08 09:41:12 --> Undefined array key "id"
#0 D:\XAMPP\htdocs\System\app\Views\sent_AB.php(7): CodeIgniter\Debug\Exceptions->errorHandler(2, 'Undefined array...', 'D:\\XAMPP\\htdocs...', 7)
#1 D:\XAMPP\htdocs\System\system\View\View.php(210): include('D:\\XAMPP\\htdocs...')
#2 D:\XAMPP\htdocs\System\system\View\View.php(213): CodeIgniter\View\View->CodeIgniter\View\{closure}()
#3 D:\XAMPP\htdocs\System\system\Common.php(1089): CodeIgniter\View\View->render('sent_AB', Array, true)
#4 D:\XAMPP\htdocs\System\app\Controllers\Sent_AB.php(15): view('sent_AB')
#5 D:\XAMPP\htdocs\System\system\CodeIgniter.php(832): App\Controllers\Sent_AB->index()
#6 D:\XAMPP\htdocs\System\system\CodeIgniter.php(419): CodeIgniter\CodeIgniter->runController(Object(App\Controllers\Sent_AB))
#7 D:\XAMPP\htdocs\System\system\CodeIgniter.php(326): CodeIgniter\CodeIgniter->handleRequest(NULL, Object(Config\Cache), false)
#8 D:\XAMPP\htdocs\System\public\index.php(37): CodeIgniter\CodeIgniter->run()
#9 {main}
CRITICAL - 2022-11-08 09:42:11 --> Undefined array key "id"
#0 D:\XAMPP\htdocs\System\app\Views\sent_AB.php(7): CodeIgniter\Debug\Exceptions->errorHandler(2, 'Undefined array...', 'D:\\XAMPP\\htdocs...', 7)
#1 D:\XAMPP\htdocs\System\system\View\View.php(210): include('D:\\XAMPP\\htdocs...')
#2 D:\XAMPP\htdocs\System\system\View\View.php(213): CodeIgniter\View\View->CodeIgniter\View\{closure}()
#3 D:\XAMPP\htdocs\System\system\Common.php(1089): CodeIgniter\View\View->render('sent_AB', Array, true)
#4 D:\XAMPP\htdocs\System\app\Controllers\Sent_AB.php(15): view('sent_AB')
#5 D:\XAMPP\htdocs\System\system\CodeIgniter.php(832): App\Controllers\Sent_AB->index()
#6 D:\XAMPP\htdocs\System\system\CodeIgniter.php(419): CodeIgniter\CodeIgniter->runController(Object(App\Controllers\Sent_AB))
#7 D:\XAMPP\htdocs\System\system\CodeIgniter.php(326): CodeIgniter\CodeIgniter->handleRequest(NULL, Object(Config\Cache), false)
#8 D:\XAMPP\htdocs\System\public\index.php(37): CodeIgniter\CodeIgniter->run()
#9 {main}
CRITICAL - 2022-11-08 11:26:21 --> Undefined array key "id"
#0 D:\XAMPP\htdocs\System\app\Views\sent_AB.php(7): CodeIgniter\Debug\Exceptions->errorHandler(2, 'Undefined array...', 'D:\\XAMPP\\htdocs...', 7)
#1 D:\XAMPP\htdocs\System\system\View\View.php(210): include('D:\\XAMPP\\htdocs...')
#2 D:\XAMPP\htdocs\System\system\View\View.php(213): CodeIgniter\View\View->CodeIgniter\View\{closure}()
#3 D:\XAMPP\htdocs\System\system\Common.php(1089): CodeIgniter\View\View->render('sent_AB', Array, true)
#4 D:\XAMPP\htdocs\System\app\Controllers\Sent_AB.php(15): view('sent_AB')
#5 D:\XAMPP\htdocs\System\system\CodeIgniter.php(832): App\Controllers\Sent_AB->index()
#6 D:\XAMPP\htdocs\System\system\CodeIgniter.php(419): CodeIgniter\CodeIgniter->runController(Object(App\Controllers\Sent_AB))
#7 D:\XAMPP\htdocs\System\system\CodeIgniter.php(326): CodeIgniter\CodeIgniter->handleRequest(NULL, Object(Config\Cache), false)
#8 D:\XAMPP\htdocs\System\public\index.php(37): CodeIgniter\CodeIgniter->run()
#9 {main}
CRITICAL - 2022-11-08 11:27:09 --> Undefined array key "id"
#0 D:\XAMPP\htdocs\System\app\Views\sent_AB.php(7): CodeIgniter\Debug\Exceptions->errorHandler(2, 'Undefined array...', 'D:\\XAMPP\\htdocs...', 7)
#1 D:\XAMPP\htdocs\System\system\View\View.php(210): include('D:\\XAMPP\\htdocs...')
#2 D:\XAMPP\htdocs\System\system\View\View.php(213): CodeIgniter\View\View->CodeIgniter\View\{closure}()
#3 D:\XAMPP\htdocs\System\system\Common.php(1089): CodeIgniter\View\View->render('sent_AB', Array, true)
#4 D:\XAMPP\htdocs\System\app\Controllers\Sent_AB.php(15): view('sent_AB')
#5 D:\XAMPP\htdocs\System\system\CodeIgniter.php(832): App\Controllers\Sent_AB->index()
#6 D:\XAMPP\htdocs\System\system\CodeIgniter.php(419): CodeIgniter\CodeIgniter->runController(Object(App\Controllers\Sent_AB))
#7 D:\XAMPP\htdocs\System\system\CodeIgniter.php(326): CodeIgniter\CodeIgniter->handleRequest(NULL, Object(Config\Cache), false)
#8 D:\XAMPP\htdocs\System\public\index.php(37): CodeIgniter\CodeIgniter->run()
#9 {main}
CRITICAL - 2022-11-08 12:31:55 --> Undefined array key "id"
#0 D:\XAMPP\htdocs\System\app\Views\sent_AB.php(7): CodeIgniter\Debug\Exceptions->errorHandler(2, 'Undefined array...', 'D:\\XAMPP\\htdocs...', 7)
#1 D:\XAMPP\htdocs\System\system\View\View.php(210): include('D:\\XAMPP\\htdocs...')
#2 D:\XAMPP\htdocs\System\system\View\View.php(213): CodeIgniter\View\View->CodeIgniter\View\{closure}()
#3 D:\XAMPP\htdocs\System\system\Common.php(1089): CodeIgniter\View\View->render('sent_AB', Array, true)
#4 D:\XAMPP\htdocs\System\app\Controllers\Sent_AB.php(15): view('sent_AB')
#5 D:\XAMPP\htdocs\System\system\CodeIgniter.php(832): App\Controllers\Sent_AB->index()
#6 D:\XAMPP\htdocs\System\system\CodeIgniter.php(419): CodeIgniter\CodeIgniter->runController(Object(App\Controllers\Sent_AB))
#7 D:\XAMPP\htdocs\System\system\CodeIgniter.php(326): CodeIgniter\CodeIgniter->handleRequest(NULL, Object(Config\Cache), false)
#8 D:\XAMPP\htdocs\System\public\index.php(37): CodeIgniter\CodeIgniter->run()
#9 {main}
CRITICAL - 2022-11-08 12:48:42 --> Invalid file: home.php
#0 D:\XAMPP\htdocs\System\system\View\View.php(198): CodeIgniter\Exceptions\FrameworkException::forInvalidFile('home.php')
#1 D:\XAMPP\htdocs\System\system\Common.php(1089): CodeIgniter\View\View->render('home', Array, true)
#2 D:\XAMPP\htdocs\System\app\Controllers\Sent_AB.php(15): view('home')
#3 D:\XAMPP\htdocs\System\system\CodeIgniter.php(832): App\Controllers\Sent_AB->index()
#4 D:\XAMPP\htdocs\System\system\CodeIgniter.php(419): CodeIgniter\CodeIgniter->runController(Object(App\Controllers\Sent_AB))
#5 D:\XAMPP\htdocs\System\system\CodeIgniter.php(326): CodeIgniter\CodeIgniter->handleRequest(NULL, Object(Config\Cache), false)
#6 D:\XAMPP\htdocs\System\public\index.php(37): CodeIgniter\CodeIgniter->run()
#7 {main}
CRITICAL - 2022-11-08 12:48:58 --> Invalid file: Home.php
#0 D:\XAMPP\htdocs\System\system\View\View.php(198): CodeIgniter\Exceptions\FrameworkException::forInvalidFile('Home.php')
#1 D:\XAMPP\htdocs\System\system\Common.php(1089): CodeIgniter\View\View->render('Home', Array, true)
#2 D:\XAMPP\htdocs\System\app\Controllers\Sent_AB.php(15): view('Home')
#3 D:\XAMPP\htdocs\System\system\CodeIgniter.php(832): App\Controllers\Sent_AB->index()
#4 D:\XAMPP\htdocs\System\system\CodeIgniter.php(419): CodeIgniter\CodeIgniter->runController(Object(App\Controllers\Sent_AB))
#5 D:\XAMPP\htdocs\System\system\CodeIgniter.php(326): CodeIgniter\CodeIgniter->handleRequest(NULL, Object(Config\Cache), false)
#6 D:\XAMPP\htdocs\System\public\index.php(37): CodeIgniter\CodeIgniter->run()
#7 {main}
CRITICAL - 2022-11-08 12:49:07 --> Invalid file: Home.php
#0 D:\XAMPP\htdocs\System\system\View\View.php(198): CodeIgniter\Exceptions\FrameworkException::forInvalidFile('Home.php')
#1 D:\XAMPP\htdocs\System\system\Common.php(1089): CodeIgniter\View\View->render('Home', Array, true)
#2 D:\XAMPP\htdocs\System\app\Controllers\Sent_AB.php(15): view('Home')
#3 D:\XAMPP\htdocs\System\system\CodeIgniter.php(832): App\Controllers\Sent_AB->index()
#4 D:\XAMPP\htdocs\System\system\CodeIgniter.php(419): CodeIgniter\CodeIgniter->runController(Object(App\Controllers\Sent_AB))
#5 D:\XAMPP\htdocs\System\system\CodeIgniter.php(326): CodeIgniter\CodeIgniter->handleRequest(NULL, Object(Config\Cache), false)
#6 D:\XAMPP\htdocs\System\public\index.php(37): CodeIgniter\CodeIgniter->run()
#7 {main}
CRITICAL - 2022-11-08 12:50:08 --> Invalid file: Home.php
#0 D:\XAMPP\htdocs\System\system\View\View.php(198): CodeIgniter\Exceptions\FrameworkException::forInvalidFile('Home.php')
#1 D:\XAMPP\htdocs\System\system\Common.php(1089): CodeIgniter\View\View->render('Home', Array, true)
#2 D:\XAMPP\htdocs\System\app\Controllers\Sent_AB.php(15): view('Home')
#3 D:\XAMPP\htdocs\System\system\CodeIgniter.php(832): App\Controllers\Sent_AB->index()
#4 D:\XAMPP\htdocs\System\system\CodeIgniter.php(419): CodeIgniter\CodeIgniter->runController(Object(App\Controllers\Sent_AB))
#5 D:\XAMPP\htdocs\System\system\CodeIgniter.php(326): CodeIgniter\CodeIgniter->handleRequest(NULL, Object(Config\Cache), false)
#6 D:\XAMPP\htdocs\System\public\index.php(37): CodeIgniter\CodeIgniter->run()
#7 {main}
