CRITICAL - 2022-09-13 17:11:03 --> The framework needs the following extension(s) installed and loaded: intl.
#0 D:\XAMPP\htdocs\System\system\CodeIgniter.php(219): CodeIgniter\Exceptions\FrameworkException::forMissingExtension('intl')
#1 D:\XAMPP\htdocs\System\system\CodeIgniter.php(177): CodeIgniter\CodeIgniter->resolvePlatformExtensions()
#2 D:\XAMPP\htdocs\System\system\bootstrap.php(146): CodeIgniter\CodeIgniter->initialize()
#3 D:\XAMPP\htdocs\System\public\index.php(28): require('D:\\XAMPP\\htdocs...')
#4 {main}
CRITICAL - 2022-09-13 17:11:04 --> The framework needs the following extension(s) installed and loaded: intl.
#0 D:\XAMPP\htdocs\System\system\CodeIgniter.php(219): CodeIgniter\Exceptions\FrameworkException::forMissingExtension('intl')
#1 D:\XAMPP\htdocs\System\system\CodeIgniter.php(177): CodeIgniter\CodeIgniter->resolvePlatformExtensions()
#2 D:\XAMPP\htdocs\System\system\bootstrap.php(146): CodeIgniter\CodeIgniter->initialize()
#3 D:\XAMPP\htdocs\System\public\index.php(28): require('D:\\XAMPP\\htdocs...')
#4 {main}
CRITICAL - 2022-09-13 17:11:05 --> The framework needs the following extension(s) installed and loaded: intl.
#0 D:\XAMPP\htdocs\System\system\CodeIgniter.php(219): CodeIgniter\Exceptions\FrameworkException::forMissingExtension('intl')
#1 D:\XAMPP\htdocs\System\system\CodeIgniter.php(177): CodeIgniter\CodeIgniter->resolvePlatformExtensions()
#2 D:\XAMPP\htdocs\System\system\bootstrap.php(146): CodeIgniter\CodeIgniter->initialize()
#3 D:\XAMPP\htdocs\System\public\index.php(28): require('D:\\XAMPP\\htdocs...')
#4 {main}
CRITICAL - 2022-09-13 17:11:05 --> The framework needs the following extension(s) installed and loaded: intl.
#0 D:\XAMPP\htdocs\System\system\CodeIgniter.php(219): CodeIgniter\Exceptions\FrameworkException::forMissingExtension('intl')
#1 D:\XAMPP\htdocs\System\system\CodeIgniter.php(177): CodeIgniter\CodeIgniter->resolvePlatformExtensions()
#2 D:\XAMPP\htdocs\System\system\bootstrap.php(146): CodeIgniter\CodeIgniter->initialize()
#3 D:\XAMPP\htdocs\System\public\index.php(28): require('D:\\XAMPP\\htdocs...')
#4 {main}
CRITICAL - 2022-09-13 17:11:05 --> The framework needs the following extension(s) installed and loaded: intl.
#0 D:\XAMPP\htdocs\System\system\CodeIgniter.php(219): CodeIgniter\Exceptions\FrameworkException::forMissingExtension('intl')
#1 D:\XAMPP\htdocs\System\system\CodeIgniter.php(177): CodeIgniter\CodeIgniter->resolvePlatformExtensions()
#2 D:\XAMPP\htdocs\System\system\bootstrap.php(146): CodeIgniter\CodeIgniter->initialize()
#3 D:\XAMPP\htdocs\System\public\index.php(28): require('D:\\XAMPP\\htdocs...')
#4 {main}
CRITICAL - 2022-09-13 17:11:06 --> The framework needs the following extension(s) installed and loaded: intl.
#0 D:\XAMPP\htdocs\System\system\CodeIgniter.php(219): CodeIgniter\Exceptions\FrameworkException::forMissingExtension('intl')
#1 D:\XAMPP\htdocs\System\system\CodeIgniter.php(177): CodeIgniter\CodeIgniter->resolvePlatformExtensions()
#2 D:\XAMPP\htdocs\System\system\bootstrap.php(146): CodeIgniter\CodeIgniter->initialize()
#3 D:\XAMPP\htdocs\System\public\index.php(28): require('D:\\XAMPP\\htdocs...')
#4 {main}
CRITICAL - 2022-09-13 17:11:06 --> The framework needs the following extension(s) installed and loaded: intl.
#0 D:\XAMPP\htdocs\System\system\CodeIgniter.php(219): CodeIgniter\Exceptions\FrameworkException::forMissingExtension('intl')
#1 D:\XAMPP\htdocs\System\system\CodeIgniter.php(177): CodeIgniter\CodeIgniter->resolvePlatformExtensions()
#2 D:\XAMPP\htdocs\System\system\bootstrap.php(146): CodeIgniter\CodeIgniter->initialize()
#3 D:\XAMPP\htdocs\System\public\index.php(28): require('D:\\XAMPP\\htdocs...')
#4 {main}
CRITICAL - 2022-09-13 17:11:08 --> The framework needs the following extension(s) installed and loaded: intl.
#0 D:\XAMPP\htdocs\System\system\CodeIgniter.php(219): CodeIgniter\Exceptions\FrameworkException::forMissingExtension('intl')
#1 D:\XAMPP\htdocs\System\system\CodeIgniter.php(177): CodeIgniter\CodeIgniter->resolvePlatformExtensions()
#2 D:\XAMPP\htdocs\System\system\bootstrap.php(146): CodeIgniter\CodeIgniter->initialize()
#3 D:\XAMPP\htdocs\System\public\index.php(28): require('D:\\XAMPP\\htdocs...')
#4 {main}
CRITICAL - 2022-09-13 17:11:09 --> The framework needs the following extension(s) installed and loaded: intl.
#0 D:\XAMPP\htdocs\System\system\CodeIgniter.php(219): CodeIgniter\Exceptions\FrameworkException::forMissingExtension('intl')
#1 D:\XAMPP\htdocs\System\system\CodeIgniter.php(177): CodeIgniter\CodeIgniter->resolvePlatformExtensions()
#2 D:\XAMPP\htdocs\System\system\bootstrap.php(146): CodeIgniter\CodeIgniter->initialize()
#3 D:\XAMPP\htdocs\System\public\index.php(28): require('D:\\XAMPP\\htdocs...')
#4 {main}
CRITICAL - 2022-09-13 17:11:10 --> The framework needs the following extension(s) installed and loaded: intl.
#0 D:\XAMPP\htdocs\System\system\CodeIgniter.php(219): CodeIgniter\Exceptions\FrameworkException::forMissingExtension('intl')
#1 D:\XAMPP\htdocs\System\system\CodeIgniter.php(177): CodeIgniter\CodeIgniter->resolvePlatformExtensions()
#2 D:\XAMPP\htdocs\System\system\bootstrap.php(146): CodeIgniter\CodeIgniter->initialize()
#3 D:\XAMPP\htdocs\System\public\index.php(28): require('D:\\XAMPP\\htdocs...')
#4 {main}
CRITICAL - 2022-09-13 17:13:00 --> The framework needs the following extension(s) installed and loaded: intl.
#0 D:\XAMPP\htdocs\System\system\CodeIgniter.php(219): CodeIgniter\Exceptions\FrameworkException::forMissingExtension('intl')
#1 D:\XAMPP\htdocs\System\system\CodeIgniter.php(177): CodeIgniter\CodeIgniter->resolvePlatformExtensions()
#2 D:\XAMPP\htdocs\System\system\bootstrap.php(146): CodeIgniter\CodeIgniter->initialize()
#3 D:\XAMPP\htdocs\System\public\index.php(28): require('D:\\XAMPP\\htdocs...')
#4 {main}
CRITICAL - 2022-09-13 17:13:02 --> The framework needs the following extension(s) installed and loaded: intl.
#0 D:\XAMPP\htdocs\System\system\CodeIgniter.php(219): CodeIgniter\Exceptions\FrameworkException::forMissingExtension('intl')
#1 D:\XAMPP\htdocs\System\system\CodeIgniter.php(177): CodeIgniter\CodeIgniter->resolvePlatformExtensions()
#2 D:\XAMPP\htdocs\System\system\bootstrap.php(146): CodeIgniter\CodeIgniter->initialize()
#3 D:\XAMPP\htdocs\System\public\index.php(28): require('D:\\XAMPP\\htdocs...')
#4 {main}
CRITICAL - 2022-09-13 17:13:13 --> The framework needs the following extension(s) installed and loaded: intl.
#0 D:\XAMPP\htdocs\System\system\CodeIgniter.php(219): CodeIgniter\Exceptions\FrameworkException::forMissingExtension('intl')
#1 D:\XAMPP\htdocs\System\system\CodeIgniter.php(177): CodeIgniter\CodeIgniter->resolvePlatformExtensions()
#2 D:\XAMPP\htdocs\System\system\bootstrap.php(146): CodeIgniter\CodeIgniter->initialize()
#3 D:\XAMPP\htdocs\System\public\index.php(28): require('D:\\XAMPP\\htdocs...')
#4 {main}
CRITICAL - 2022-09-13 17:13:14 --> The framework needs the following extension(s) installed and loaded: intl.
#0 D:\XAMPP\htdocs\System\system\CodeIgniter.php(219): CodeIgniter\Exceptions\FrameworkException::forMissingExtension('intl')
#1 D:\XAMPP\htdocs\System\system\CodeIgniter.php(177): CodeIgniter\CodeIgniter->resolvePlatformExtensions()
#2 D:\XAMPP\htdocs\System\system\bootstrap.php(146): CodeIgniter\CodeIgniter->initialize()
#3 D:\XAMPP\htdocs\System\public\index.php(28): require('D:\\XAMPP\\htdocs...')
#4 {main}
CRITICAL - 2022-09-13 17:13:14 --> The framework needs the following extension(s) installed and loaded: intl.
#0 D:\XAMPP\htdocs\System\system\CodeIgniter.php(219): CodeIgniter\Exceptions\FrameworkException::forMissingExtension('intl')
#1 D:\XAMPP\htdocs\System\system\CodeIgniter.php(177): CodeIgniter\CodeIgniter->resolvePlatformExtensions()
#2 D:\XAMPP\htdocs\System\system\bootstrap.php(146): CodeIgniter\CodeIgniter->initialize()
#3 D:\XAMPP\htdocs\System\public\index.php(28): require('D:\\XAMPP\\htdocs...')
#4 {main}
CRITICAL - 2022-09-13 17:13:14 --> The framework needs the following extension(s) installed and loaded: intl.
#0 D:\XAMPP\htdocs\System\system\CodeIgniter.php(219): CodeIgniter\Exceptions\FrameworkException::forMissingExtension('intl')
#1 D:\XAMPP\htdocs\System\system\CodeIgniter.php(177): CodeIgniter\CodeIgniter->resolvePlatformExtensions()
#2 D:\XAMPP\htdocs\System\system\bootstrap.php(146): CodeIgniter\CodeIgniter->initialize()
#3 D:\XAMPP\htdocs\System\public\index.php(28): require('D:\\XAMPP\\htdocs...')
#4 {main}
CRITICAL - 2022-09-13 17:13:15 --> The framework needs the following extension(s) installed and loaded: intl.
#0 D:\XAMPP\htdocs\System\system\CodeIgniter.php(219): CodeIgniter\Exceptions\FrameworkException::forMissingExtension('intl')
#1 D:\XAMPP\htdocs\System\system\CodeIgniter.php(177): CodeIgniter\CodeIgniter->resolvePlatformExtensions()
#2 D:\XAMPP\htdocs\System\system\bootstrap.php(146): CodeIgniter\CodeIgniter->initialize()
#3 D:\XAMPP\htdocs\System\public\index.php(28): require('D:\\XAMPP\\htdocs...')
#4 {main}
CRITICAL - 2022-09-13 17:13:15 --> The framework needs the following extension(s) installed and loaded: intl.
#0 D:\XAMPP\htdocs\System\system\CodeIgniter.php(219): CodeIgniter\Exceptions\FrameworkException::forMissingExtension('intl')
#1 D:\XAMPP\htdocs\System\system\CodeIgniter.php(177): CodeIgniter\CodeIgniter->resolvePlatformExtensions()
#2 D:\XAMPP\htdocs\System\system\bootstrap.php(146): CodeIgniter\CodeIgniter->initialize()
#3 D:\XAMPP\htdocs\System\public\index.php(28): require('D:\\XAMPP\\htdocs...')
#4 {main}
CRITICAL - 2022-09-13 17:13:16 --> The framework needs the following extension(s) installed and loaded: intl.
#0 D:\XAMPP\htdocs\System\system\CodeIgniter.php(219): CodeIgniter\Exceptions\FrameworkException::forMissingExtension('intl')
#1 D:\XAMPP\htdocs\System\system\CodeIgniter.php(177): CodeIgniter\CodeIgniter->resolvePlatformExtensions()
#2 D:\XAMPP\htdocs\System\system\bootstrap.php(146): CodeIgniter\CodeIgniter->initialize()
#3 D:\XAMPP\htdocs\System\public\index.php(28): require('D:\\XAMPP\\htdocs...')
#4 {main}
CRITICAL - 2022-09-13 17:15:20 --> The framework needs the following extension(s) installed and loaded: intl.
#0 D:\XAMPP\htdocs\System\system\CodeIgniter.php(219): CodeIgniter\Exceptions\FrameworkException::forMissingExtension('intl')
#1 D:\XAMPP\htdocs\System\system\CodeIgniter.php(177): CodeIgniter\CodeIgniter->resolvePlatformExtensions()
#2 D:\XAMPP\htdocs\System\system\bootstrap.php(146): CodeIgniter\CodeIgniter->initialize()
#3 D:\XAMPP\htdocs\System\public\index.php(28): require('D:\\XAMPP\\htdocs...')
#4 {main}
CRITICAL - 2022-09-13 17:15:20 --> The framework needs the following extension(s) installed and loaded: intl.
#0 D:\XAMPP\htdocs\System\system\CodeIgniter.php(219): CodeIgniter\Exceptions\FrameworkException::forMissingExtension('intl')
#1 D:\XAMPP\htdocs\System\system\CodeIgniter.php(177): CodeIgniter\CodeIgniter->resolvePlatformExtensions()
#2 D:\XAMPP\htdocs\System\system\bootstrap.php(146): CodeIgniter\CodeIgniter->initialize()
#3 D:\XAMPP\htdocs\System\public\index.php(28): require('D:\\XAMPP\\htdocs...')
#4 {main}
CRITICAL - 2022-09-13 17:15:20 --> The framework needs the following extension(s) installed and loaded: intl.
#0 D:\XAMPP\htdocs\System\system\CodeIgniter.php(219): CodeIgniter\Exceptions\FrameworkException::forMissingExtension('intl')
#1 D:\XAMPP\htdocs\System\system\CodeIgniter.php(177): CodeIgniter\CodeIgniter->resolvePlatformExtensions()
#2 D:\XAMPP\htdocs\System\system\bootstrap.php(146): CodeIgniter\CodeIgniter->initialize()
#3 D:\XAMPP\htdocs\System\public\index.php(28): require('D:\\XAMPP\\htdocs...')
#4 {main}
CRITICAL - 2022-09-13 17:15:21 --> The framework needs the following extension(s) installed and loaded: intl.
#0 D:\XAMPP\htdocs\System\system\CodeIgniter.php(219): CodeIgniter\Exceptions\FrameworkException::forMissingExtension('intl')
#1 D:\XAMPP\htdocs\System\system\CodeIgniter.php(177): CodeIgniter\CodeIgniter->resolvePlatformExtensions()
#2 D:\XAMPP\htdocs\System\system\bootstrap.php(146): CodeIgniter\CodeIgniter->initialize()
#3 D:\XAMPP\htdocs\System\public\index.php(28): require('D:\\XAMPP\\htdocs...')
#4 {main}
CRITICAL - 2022-09-13 17:15:21 --> The framework needs the following extension(s) installed and loaded: intl.
#0 D:\XAMPP\htdocs\System\system\CodeIgniter.php(219): CodeIgniter\Exceptions\FrameworkException::forMissingExtension('intl')
#1 D:\XAMPP\htdocs\System\system\CodeIgniter.php(177): CodeIgniter\CodeIgniter->resolvePlatformExtensions()
#2 D:\XAMPP\htdocs\System\system\bootstrap.php(146): CodeIgniter\CodeIgniter->initialize()
#3 D:\XAMPP\htdocs\System\public\index.php(28): require('D:\\XAMPP\\htdocs...')
#4 {main}
CRITICAL - 2022-09-13 17:20:54 --> The framework needs the following extension(s) installed and loaded: intl.
#0 D:\XAMPP\htdocs\System\system\CodeIgniter.php(219): CodeIgniter\Exceptions\FrameworkException::forMissingExtension('intl')
#1 D:\XAMPP\htdocs\System\system\CodeIgniter.php(177): CodeIgniter\CodeIgniter->resolvePlatformExtensions()
#2 D:\XAMPP\htdocs\System\system\bootstrap.php(146): CodeIgniter\CodeIgniter->initialize()
#3 D:\XAMPP\htdocs\System\public\index.php(28): require('D:\\XAMPP\\htdocs...')
#4 {main}
CRITICAL - 2022-09-13 17:23:26 --> The framework needs the following extension(s) installed and loaded: intl.
#0 D:\XAMPP\htdocs\System\system\CodeIgniter.php(219): CodeIgniter\Exceptions\FrameworkException::forMissingExtension('intl')
#1 D:\XAMPP\htdocs\System\system\CodeIgniter.php(177): CodeIgniter\CodeIgniter->resolvePlatformExtensions()
#2 D:\XAMPP\htdocs\System\system\bootstrap.php(146): CodeIgniter\CodeIgniter->initialize()
#3 D:\XAMPP\htdocs\System\spark(45): require('D:\\XAMPP\\htdocs...')
#4 {main}
CRITICAL - 2022-09-13 17:25:17 --> The framework needs the following extension(s) installed and loaded: intl.
#0 D:\XAMPP\htdocs\System\system\CodeIgniter.php(219): CodeIgniter\Exceptions\FrameworkException::forMissingExtension('intl')
#1 D:\XAMPP\htdocs\System\system\CodeIgniter.php(177): CodeIgniter\CodeIgniter->resolvePlatformExtensions()
#2 D:\XAMPP\htdocs\System\system\bootstrap.php(146): CodeIgniter\CodeIgniter->initialize()
#3 D:\XAMPP\htdocs\System\spark(45): require('D:\\XAMPP\\htdocs...')
#4 {main}
